Started GET "/" for ::1 at 2022-03-06 11:39:04 +0900
Processing by Rails::WelcomeController#index as HTML
  Rendering /Users/minako/.rbenv/versions/2.5.1/lib/ruby/gems/2.5.0/gems/railties-5.2.6.2/lib/rails/templates/rails/welcome/index.html.erb
  Rendered /Users/minako/.rbenv/versions/2.5.1/lib/ruby/gems/2.5.0/gems/railties-5.2.6.2/lib/rails/templates/rails/welcome/index.html.erb (2.8ms)
Completed 200 OK in 16ms (Views: 9.5ms | ActiveRecord: 0.0ms)


Started GET "/" for ::1 at 2022-03-06 11:41:24 +0900
  
ActiveRecord::PendingMigrationError (

Migrations are pending. To resolve this issue, run:

        bin/rails db:migrate RAILS_ENV=development

):
  
activerecord (5.2.6.2) lib/active_record/migration.rb:579:in `check_pending!'
activerecord (5.2.6.2) lib/active_record/migration.rb:556:in `call'
actionpack (5.2.6.2) lib/action_dispatch/middleware/callbacks.rb:28:in `block in call'
activesupport (5.2.6.2) lib/active_support/callbacks.rb:98:in `run_callbacks'
actionpack (5.2.6.2) lib/action_dispatch/middleware/callbacks.rb:26:in `call'
actionpack (5.2.6.2) lib/action_dispatch/middleware/executor.rb:14:in `call'
actionpack (5.2.6.2) lib/action_dispatch/middleware/debug_exceptions.rb:61:in `call'
web-console (3.7.0) lib/web_console/middleware.rb:135:in `call_app'
web-console (3.7.0) lib/web_console/middleware.rb:30:in `block in call'
web-console (3.7.0) lib/web_console/middleware.rb:20:in `catch'
web-console (3.7.0) lib/web_console/middleware.rb:20:in `call'
actionpack (5.2.6.2) lib/action_dispatch/middleware/show_exceptions.rb:33:in `call'
railties (5.2.6.2) lib/rails/rack/logger.rb:38:in `call_app'
railties (5.2.6.2) lib/rails/rack/logger.rb:26:in `block in call'
activesupport (5.2.6.2) lib/active_support/tagged_logging.rb:71:in `block in tagged'
activesupport (5.2.6.2) lib/active_support/tagged_logging.rb:28:in `tagged'
activesupport (5.2.6.2) lib/active_support/tagged_logging.rb:71:in `tagged'
railties (5.2.6.2) lib/rails/rack/logger.rb:26:in `call'
sprockets-rails (3.4.2) lib/sprockets/rails/quiet_assets.rb:13:in `call'
actionpack (5.2.6.2) lib/action_dispatch/middleware/remote_ip.rb:81:in `call'
actionpack (5.2.6.2) lib/action_dispatch/middleware/request_id.rb:27:in `call'
rack (2.2.3) lib/rack/method_override.rb:24:in `call'
rack (2.2.3) lib/rack/runtime.rb:22:in `call'
activesupport (5.2.6.2) lib/active_support/cache/strategy/local_cache_middleware.rb:29:in `call'
actionpack (5.2.6.2) lib/action_dispatch/middleware/executor.rb:14:in `call'
actionpack (5.2.6.2) lib/action_dispatch/middleware/static.rb:127:in `call'
rack (2.2.3) lib/rack/sendfile.rb:110:in `call'
railties (5.2.6.2) lib/rails/engine.rb:524:in `call'
puma (3.12.6) lib/puma/configuration.rb:227:in `call'
puma (3.12.6) lib/puma/server.rb:706:in `handle_request'
puma (3.12.6) lib/puma/server.rb:476:in `process_client'
puma (3.12.6) lib/puma/server.rb:334:in `block in run'
puma (3.12.6) lib/puma/thread_pool.rb:135:in `block in spawn_thread'
  [1m[35m (0.0ms)[0m  [1m[34mSELECT sqlite_version(*)[0m
  â†³ bin/rails:9
  [1m[35m (1.1ms)[0m  [1m[35mCREATE TABLE "schema_migrations" ("version" varchar NOT NULL PRIMARY KEY)[0m
  â†³ bin/rails:9
  [1m[35m (0.9ms)[0m  [1m[35mCREATE TABLE "ar_internal_metadata" ("key" varchar NOT NULL PRIMARY KEY, "value" varchar, "created_at" datetime NOT NULL, "updated_at" datetime NOT NULL)[0m
  â†³ bin/rails:9
  [1m[35m (0.1ms)[0m  [1m[34mSELECT "schema_migrations"."version" FROM "schema_migrations" ORDER BY "schema_migrations"."version" ASC[0m
  â†³ bin/rails:9
Migrating to CreateUsers (20220306024058)
  [1m[35m (0.1ms)[0m  [1m[36mbegin transaction[0m
  â†³ bin/rails:9
  [1m[35m (0.4ms)[0m  [1m[35mCREATE TABLE "users" ("id" integer PRIMARY KEY AUTOINCREMENT NOT NULL, "name" varchar, "address" varchar, "age" integer, "created_at" datetime NOT NULL, "updated_at" datetime NOT NULL)[0m
  â†³ db/migrate/20220306024058_create_users.rb:3
  [1m[36mActiveRecord::SchemaMigration Create (0.1ms)[0m  [1m[32mINSERT INTO "schema_migrations" ("version") VALUES (?)[0m  [["version", "20220306024058"]]
  â†³ bin/rails:9
  [1m[35m (0.7ms)[0m  [1m[36mcommit transaction[0m
  â†³ bin/rails:9
  [1m[36mActiveRecord::InternalMetadata Load (0.1ms)[0m  [1m[34mSELECT  "ar_internal_metadata".* FROM "ar_internal_metadata" WHERE "ar_internal_metadata"."key" = ? LIMIT ?[0m  [["key", "environment"], ["LIMIT", 1]]
  â†³ bin/rails:9
  [1m[35m (0.0ms)[0m  [1m[36mbegin transaction[0m
  â†³ bin/rails:9
  [1m[36mActiveRecord::InternalMetadata Create (0.3ms)[0m  [1m[32mINSERT INTO "ar_internal_metadata" ("key", "value", "created_at", "updated_at") VALUES (?, ?, ?, ?)[0m  [["key", "environment"], ["value", "development"], ["created_at", "2022-03-06 02:41:47.306987"], ["updated_at", "2022-03-06 02:41:47.306987"]]
  â†³ bin/rails:9
  [1m[35m (0.8ms)[0m  [1m[36mcommit transaction[0m
  â†³ bin/rails:9
  [1m[35m (0.1ms)[0m  [1m[34mSELECT "schema_migrations"."version" FROM "schema_migrations" ORDER BY "schema_migrations"."version" ASC[0m
  â†³ bin/rails:9
Started GET "/" for ::1 at 2022-03-06 11:41:56 +0900
  [1m[35m (0.1ms)[0m  [1m[34mSELECT "schema_migrations"."version" FROM "schema_migrations" ORDER BY "schema_migrations"."version" ASC[0m
  â†³ /Users/minako/.rbenv/versions/2.5.1/lib/ruby/gems/2.5.0/gems/activerecord-5.2.6.2/lib/active_record/log_subscriber.rb:98
Processing by Rails::WelcomeController#index as HTML
  Rendering /Users/minako/.rbenv/versions/2.5.1/lib/ruby/gems/2.5.0/gems/railties-5.2.6.2/lib/rails/templates/rails/welcome/index.html.erb
  Rendered /Users/minako/.rbenv/versions/2.5.1/lib/ruby/gems/2.5.0/gems/railties-5.2.6.2/lib/rails/templates/rails/welcome/index.html.erb (2.1ms)
Completed 200 OK in 13ms (Views: 7.4ms | ActiveRecord: 0.0ms)


Started GET "/" for ::1 at 2022-03-06 11:41:59 +0900
Processing by Rails::WelcomeController#index as HTML
  Rendering /Users/minako/.rbenv/versions/2.5.1/lib/ruby/gems/2.5.0/gems/railties-5.2.6.2/lib/rails/templates/rails/welcome/index.html.erb
  Rendered /Users/minako/.rbenv/versions/2.5.1/lib/ruby/gems/2.5.0/gems/railties-5.2.6.2/lib/rails/templates/rails/welcome/index.html.erb (1.6ms)
Completed 200 OK in 8ms (Views: 4.6ms | ActiveRecord: 0.0ms)


Started GET "/" for ::1 at 2022-03-06 11:42:00 +0900
Processing by Rails::WelcomeController#index as HTML
  Rendering /Users/minako/.rbenv/versions/2.5.1/lib/ruby/gems/2.5.0/gems/railties-5.2.6.2/lib/rails/templates/rails/welcome/index.html.erb
  Rendered /Users/minako/.rbenv/versions/2.5.1/lib/ruby/gems/2.5.0/gems/railties-5.2.6.2/lib/rails/templates/rails/welcome/index.html.erb (1.3ms)
Completed 200 OK in 7ms (Views: 4.1ms | ActiveRecord: 0.0ms)


Started GET "/users" for ::1 at 2022-03-06 11:42:07 +0900
Processing by UsersController#index as HTML
  Rendering users/index.html.erb within layouts/application
  [1m[36mUser Load (0.1ms)[0m  [1m[34mSELECT "users".* FROM "users"[0m
  â†³ app/views/users/index.html.erb:16
  Rendered users/index.html.erb within layouts/application (1.6ms)
Completed 200 OK in 2872ms (Views: 2865.6ms | ActiveRecord: 0.4ms)


Started GET "/users" for ::1 at 2022-03-08 10:55:03 +0900
  [1m[35m (0.5ms)[0m  [1m[34mSELECT "schema_migrations"."version" FROM "schema_migrations" ORDER BY "schema_migrations"."version" ASC[0m
  â†³ /Users/minako/.rbenv/versions/2.5.1/lib/ruby/gems/2.5.0/gems/activerecord-5.2.6.2/lib/active_record/log_subscriber.rb:98
Processing by UsersController#index as HTML
  Rendering users/index.html.erb within layouts/application
  [1m[36mUser Load (0.5ms)[0m  [1m[34mSELECT "users".* FROM "users"[0m
  â†³ app/views/users/index.html.erb:16
  Rendered users/index.html.erb within layouts/application (2.6ms)
Completed 200 OK in 181ms (Views: 172.8ms | ActiveRecord: 0.7ms)


Started GET "/users/new" for ::1 at 2022-03-08 10:55:07 +0900
Processing by UsersController#new as HTML
  Rendering users/new.html.erb within layouts/application
  Rendered users/_form.html.erb (14.7ms)
  Rendered users/new.html.erb within layouts/application (17.7ms)
Completed 200 OK in 39ms (Views: 32.7ms | ActiveRecord: 0.3ms)


Started POST "/users" for ::1 at 2022-03-08 10:55:30 +0900
Processing by UsersController#create as HTML
  Parameters: {"utf8"=>"âœ“", "authenticity_token"=>"Zbmk0A9GY+jPHOz2h9S6Eylr5t9Y3+mOc+3A8LaMtxBML49vLXOmAXEMXT9WgtzQ+EkfnkTX2/yO2PFIALf7rA==", "user"=>{"name"=>"Railsã¿ãªã“", "address"=>"æµœæ¾å¸‚", "age"=>"31"}, "commit"=>"Create User"}
  [1m[35m (0.0ms)[0m  [1m[36mbegin transaction[0m
  â†³ app/controllers/users_controller.rb:27
  [1m[36mUser Create (0.7ms)[0m  [1m[32mINSERT INTO "users" ("name", "address", "age", "created_at", "updated_at") VALUES (?, ?, ?, ?, ?)[0m  [["name", "Railsã¿ãªã“"], ["address", "æµœæ¾å¸‚"], ["age", 31], ["created_at", "2022-03-08 01:55:30.558388"], ["updated_at", "2022-03-08 01:55:30.558388"]]
  â†³ app/controllers/users_controller.rb:27
  [1m[35m (0.4ms)[0m  [1m[36mcommit transaction[0m
  â†³ app/controllers/users_controller.rb:27
Redirected to http://localhost:3000/users/1
Completed 302 Found in 3ms (ActiveRecord: 1.2ms)


Started GET "/users/1" for ::1 at 2022-03-08 10:55:30 +0900
Processing by UsersController#show as HTML
  Parameters: {"id"=>"1"}
  [1m[36mUser Load (0.2ms)[0m  [1m[34mSELECT  "users".* FROM "users" WHERE "users"."id" = ? LIMIT ?[0m  [["id", 1], ["LIMIT", 1]]
  â†³ app/controllers/users_controller.rb:63
  Rendering users/show.html.erb within layouts/application
  Rendered users/show.html.erb within layouts/application (0.5ms)
Completed 200 OK in 24ms (Views: 18.6ms | ActiveRecord: 0.2ms)


