Started GET "/" for ::1 at 2022-03-09 17:54:51 +0900
Processing by Rails::WelcomeController#index as HTML
  Rendering /Users/minako/.rbenv/versions/2.5.1/lib/ruby/gems/2.5.0/gems/railties-5.2.6.3/lib/rails/templates/rails/welcome/index.html.erb
  Rendered /Users/minako/.rbenv/versions/2.5.1/lib/ruby/gems/2.5.0/gems/railties-5.2.6.3/lib/rails/templates/rails/welcome/index.html.erb (2.5ms)
Completed 200 OK in 23ms (Views: 8.0ms | ActiveRecord: 0.0ms)


Started GET "/" for ::1 at 2022-03-14 12:02:42 +0900
Processing by Rails::WelcomeController#index as HTML
  Rendering /Users/minako/.rbenv/versions/2.5.1/lib/ruby/gems/2.5.0/gems/railties-5.2.6.3/lib/rails/templates/rails/welcome/index.html.erb
  Rendered /Users/minako/.rbenv/versions/2.5.1/lib/ruby/gems/2.5.0/gems/railties-5.2.6.3/lib/rails/templates/rails/welcome/index.html.erb (18.0ms)
Completed 200 OK in 39ms (Views: 25.5ms | ActiveRecord: 0.0ms)


Started GET "/" for ::1 at 2022-03-14 12:02:44 +0900
Processing by Rails::WelcomeController#index as HTML
  Rendering /Users/minako/.rbenv/versions/2.5.1/lib/ruby/gems/2.5.0/gems/railties-5.2.6.3/lib/rails/templates/rails/welcome/index.html.erb
  Rendered /Users/minako/.rbenv/versions/2.5.1/lib/ruby/gems/2.5.0/gems/railties-5.2.6.3/lib/rails/templates/rails/welcome/index.html.erb (3.3ms)
Completed 200 OK in 10ms (Views: 6.2ms | ActiveRecord: 0.0ms)


Started GET "/" for ::1 at 2022-03-14 12:14:33 +0900
Processing by Rails::WelcomeController#index as HTML
  Rendering /Users/minako/.rbenv/versions/2.5.1/lib/ruby/gems/2.5.0/gems/railties-5.2.6.3/lib/rails/templates/rails/welcome/index.html.erb
  Rendered /Users/minako/.rbenv/versions/2.5.1/lib/ruby/gems/2.5.0/gems/railties-5.2.6.3/lib/rails/templates/rails/welcome/index.html.erb (4.1ms)
Completed 200 OK in 11ms (Views: 7.2ms | ActiveRecord: 0.0ms)


  [1m[35m (0.1ms)[0m  [1m[34mSELECT sqlite_version(*)[0m
  â†³ bin/rails:9
  [1m[35m (1.4ms)[0m  [1m[35mCREATE TABLE "schema_migrations" ("version" varchar NOT NULL PRIMARY KEY)[0m
  â†³ bin/rails:9
  [1m[35m (2.2ms)[0m  [1m[35mCREATE TABLE "ar_internal_metadata" ("key" varchar NOT NULL PRIMARY KEY, "value" varchar, "created_at" datetime NOT NULL, "updated_at" datetime NOT NULL)[0m
  â†³ bin/rails:9
  [1m[35m (0.1ms)[0m  [1m[34mSELECT "schema_migrations"."version" FROM "schema_migrations" ORDER BY "schema_migrations"."version" ASC[0m
  â†³ bin/rails:9
Migrating to CreateTasks (20220314032202)
  [1m[35m (0.0ms)[0m  [1m[36mbegin transaction[0m
  â†³ bin/rails:9
  [1m[35m (0.4ms)[0m  [1m[35mCREATE TABLE "tasks" ("id" integer PRIMARY KEY AUTOINCREMENT NOT NULL, "name" varchar, "description" text, "created_at" datetime NOT NULL, "updated_at" datetime NOT NULL)[0m
  â†³ db/migrate/20220314032202_create_tasks.rb:3
  [1m[36mActiveRecord::SchemaMigration Create (0.1ms)[0m  [1m[32mINSERT INTO "schema_migrations" ("version") VALUES (?)[0m  [["version", "20220314032202"]]
  â†³ bin/rails:9
  [1m[35m (1.5ms)[0m  [1m[36mcommit transaction[0m
  â†³ bin/rails:9
  [1m[36mActiveRecord::InternalMetadata Load (0.1ms)[0m  [1m[34mSELECT  "ar_internal_metadata".* FROM "ar_internal_metadata" WHERE "ar_internal_metadata"."key" = ? LIMIT ?[0m  [["key", "environment"], ["LIMIT", 1]]
  â†³ bin/rails:9
  [1m[35m (0.0ms)[0m  [1m[36mbegin transaction[0m
  â†³ bin/rails:9
  [1m[36mActiveRecord::InternalMetadata Create (0.3ms)[0m  [1m[32mINSERT INTO "ar_internal_metadata" ("key", "value", "created_at", "updated_at") VALUES (?, ?, ?, ?)[0m  [["key", "environment"], ["value", "development"], ["created_at", "2022-03-14 03:25:11.979218"], ["updated_at", "2022-03-14 03:25:11.979218"]]
  â†³ bin/rails:9
  [1m[35m (1.0ms)[0m  [1m[36mcommit transaction[0m
  â†³ bin/rails:9
  [1m[35m (0.1ms)[0m  [1m[34mSELECT "schema_migrations"."version" FROM "schema_migrations" ORDER BY "schema_migrations"."version" ASC[0m
  â†³ bin/rails:9
Started GET "/" for ::1 at 2022-03-14 12:50:00 +0900
  [1m[35m (0.4ms)[0m  [1m[34mSELECT "schema_migrations"."version" FROM "schema_migrations" ORDER BY "schema_migrations"."version" ASC[0m
  â†³ /Users/minako/.rbenv/versions/2.5.1/lib/ruby/gems/2.5.0/gems/activerecord-5.2.6.3/lib/active_record/log_subscriber.rb:98
Processing by TasksController#index as HTML
  Rendering tasks/index.html.slim within layouts/application
  Rendered tasks/index.html.slim within layouts/application (9.4ms)
Completed 200 OK in 2732ms (Views: 2726.2ms | ActiveRecord: 0.0ms)


Started GET "/" for ::1 at 2022-03-14 15:12:55 +0900
Processing by TasksController#index as HTML
  Rendering tasks/index.html.slim within layouts/application
  Rendered tasks/index.html.slim within layouts/application (4.7ms)
Completed 200 OK in 47ms (Views: 41.4ms | ActiveRecord: 0.0ms)


Started GET "/" for ::1 at 2022-03-14 15:12:57 +0900
Processing by TasksController#index as HTML
  Rendering tasks/index.html.slim within layouts/application
  Rendered tasks/index.html.slim within layouts/application (2.5ms)
Completed 200 OK in 32ms (Views: 27.7ms | ActiveRecord: 0.0ms)


Started GET "/" for ::1 at 2022-03-14 15:14:54 +0900
Processing by TasksController#index as HTML
  Rendering tasks/index.html.slim within layouts/application
  Rendered tasks/index.html.slim within layouts/application (2.4ms)
Completed 200 OK in 41ms (Views: 35.8ms | ActiveRecord: 0.0ms)


Started GET "/" for ::1 at 2022-03-14 15:14:55 +0900
Processing by TasksController#index as HTML
  Rendering tasks/index.html.slim within layouts/application
  Rendered tasks/index.html.slim within layouts/application (3.9ms)
Completed 200 OK in 36ms (Views: 32.7ms | ActiveRecord: 0.0ms)


Started GET "/" for ::1 at 2022-03-14 15:16:07 +0900
Processing by TasksController#index as HTML
  Rendering tasks/index.html.slim within layouts/application
  Rendered tasks/index.html.slim within layouts/application (3.2ms)
Completed 200 OK in 38ms (Views: 35.4ms | ActiveRecord: 0.0ms)


Started GET "/" for ::1 at 2022-03-14 15:16:09 +0900
Processing by TasksController#index as HTML
  Rendering tasks/index.html.slim within layouts/application
  Rendered tasks/index.html.slim within layouts/application (1.6ms)
Completed 200 OK in 24ms (Views: 22.1ms | ActiveRecord: 0.0ms)


Started GET "/" for ::1 at 2022-03-14 15:16:15 +0900
Processing by TasksController#index as HTML
  Rendering tasks/index.html.slim within layouts/application
  Rendered tasks/index.html.slim within layouts/application (2.9ms)
Completed 200 OK in 27ms (Views: 24.9ms | ActiveRecord: 0.0ms)


Started GET "/" for ::1 at 2022-03-14 15:17:45 +0900
Processing by TasksController#index as HTML
  Rendering tasks/index.html.slim within layouts/application
  Rendered tasks/index.html.slim within layouts/application (3.3ms)
Completed 200 OK in 47ms (Views: 42.3ms | ActiveRecord: 0.0ms)


Started GET "/" for ::1 at 2022-03-14 15:31:58 +0900
Processing by TasksController#index as HTML
  Rendering tasks/index.html.slim within layouts/application
  Rendered tasks/index.html.slim within layouts/application (13.1ms)
Completed 200 OK in 59ms (Views: 55.1ms | ActiveRecord: 0.0ms)


Started GET "/" for ::1 at 2022-03-14 15:51:35 +0900
Processing by TasksController#index as HTML
  Rendering tasks/index.html.slim within layouts/application
  Rendered tasks/index.html.slim within layouts/application (3.1ms)
Completed 200 OK in 45ms (Views: 41.8ms | ActiveRecord: 0.0ms)


Started GET "/tasks/new" for ::1 at 2022-03-14 15:51:36 +0900
Processing by TasksController#new as HTML
  Rendering tasks/new.html.slim within layouts/application
  Rendered tasks/new.html.slim within layouts/application (7.7ms)
Completed 500 Internal Server Error in 31ms (ActiveRecord: 0.5ms)


  
ActionView::Template::Error (No route matches {:action=>"show", :controller=>"tasks"}, missing required keys: [:id]):
    1: h1 ã‚¿ã‚¹ã‚¯ã®æ–°è¦ç™»éŒ²
    2: 
    3: .nav.justify-content-end
    4:     = link_to 'ä¸€è¦§', task_path, class: 'nav-link'
    5: 
    6: = form_with model: @task, local: true do |f|
    7:     .form-group
  
app/views/tasks/new.html.slim:4:in `_app_views_tasks_new_html_slim__479750340802790146_70225326096320'
Started GET "/" for ::1 at 2022-03-14 15:51:43 +0900
Processing by TasksController#index as HTML
  Rendering tasks/index.html.slim within layouts/application
  Rendered tasks/index.html.slim within layouts/application (2.3ms)
Completed 200 OK in 34ms (Views: 30.8ms | ActiveRecord: 0.0ms)


Started GET "/" for ::1 at 2022-03-14 15:52:02 +0900
Processing by TasksController#index as HTML
  Rendering tasks/index.html.slim within layouts/application
  Rendered tasks/index.html.slim within layouts/application (1.7ms)
Completed 200 OK in 28ms (Views: 25.3ms | ActiveRecord: 0.0ms)


Started GET "/tasks/new" for ::1 at 2022-03-14 15:52:03 +0900
Processing by TasksController#new as HTML
  Rendering tasks/new.html.slim within layouts/application
  Rendered tasks/new.html.slim within layouts/application (411.2ms)
Completed 200 OK in 437ms (Views: 434.1ms | ActiveRecord: 0.0ms)


Started GET "/tasks/new" for ::1 at 2022-03-14 16:09:26 +0900
Processing by TasksController#new as HTML
  Rendering tasks/new.html.slim within layouts/application
  Rendered tasks/new.html.slim within layouts/application (8.9ms)
Completed 200 OK in 49ms (Views: 44.0ms | ActiveRecord: 0.0ms)


Started GET "/tasks/new" for ::1 at 2022-03-14 16:09:27 +0900
Processing by TasksController#new as HTML
  Rendering tasks/new.html.slim within layouts/application
  Rendered tasks/new.html.slim within layouts/application (5.9ms)
Completed 200 OK in 33ms (Views: 30.6ms | ActiveRecord: 0.0ms)


Started GET "/tasks/new" for ::1 at 2022-03-14 17:48:36 +0900
Processing by TasksController#new as HTML
  Rendering tasks/new.html.slim within layouts/application
  Rendered tasks/new.html.slim within layouts/application (18.5ms)
Completed 200 OK in 59ms (Views: 46.5ms | ActiveRecord: 0.6ms)


Started GET "/tasks/new" for ::1 at 2022-03-14 18:28:42 +0900
Processing by TasksController#new as HTML
  Rendering tasks/new.html.slim within layouts/application
  Rendered tasks/new.html.slim within layouts/application (7.4ms)
Completed 200 OK in 57ms (Views: 44.2ms | ActiveRecord: 0.6ms)


Started POST "/tasks" for ::1 at 2022-03-14 18:29:00 +0900
Processing by TasksController#create as HTML
  Parameters: {"utf8"=>"âœ“", "authenticity_token"=>"u0OIVjHy7KMv68T+tfeRdBjxiaTgPEftMfsHQZ6+WnOMpW3f/PC8wh9wlpfg0WEDzpNX2KEIJNq27f8Glpt2Zg==", "task"=>{"name"=>"é€±æ¬¡ãƒ¬ãƒãƒ¼ãƒˆã®æå‡º", "description"=>"æœˆæ›œæ—¥ä¸­ã«æå‡º"}, "commit"=>"ç™»éŒ²ã™ã‚‹"}
  [1m[35m (0.6ms)[0m  [1m[36mbegin transaction[0m
  â†³ app/controllers/tasks_controller.rb:17
  [1m[36mTask Create (0.8ms)[0m  [1m[32mINSERT INTO "tasks" ("name", "description", "created_at", "updated_at") VALUES (?, ?, ?, ?)[0m  [["name", "é€±æ¬¡ãƒ¬ãƒãƒ¼ãƒˆã®æå‡º"], ["description", "æœˆæ›œæ—¥ä¸­ã«æå‡º"], ["created_at", "2022-03-14 09:29:00.794955"], ["updated_at", "2022-03-14 09:29:00.794955"]]
  â†³ app/controllers/tasks_controller.rb:17
  [1m[35m (0.6ms)[0m  [1m[36mcommit transaction[0m
  â†³ app/controllers/tasks_controller.rb:17
Redirected to http://localhost:3000/tasks
Completed 302 Found in 11ms (ActiveRecord: 2.0ms)


Started GET "/tasks" for ::1 at 2022-03-14 18:29:00 +0900
Processing by TasksController#index as HTML
  Rendering tasks/index.html.slim within layouts/application
  Rendered tasks/index.html.slim within layouts/application (1.9ms)
Completed 200 OK in 32ms (Views: 29.2ms | ActiveRecord: 0.0ms)


Started GET "/tasks" for ::1 at 2022-03-14 18:32:25 +0900
Processing by TasksController#index as HTML
  Rendering tasks/index.html.slim within layouts/application
  Rendered tasks/index.html.slim within layouts/application (1.9ms)
Completed 200 OK in 34ms (Views: 31.1ms | ActiveRecord: 0.0ms)


Started GET "/tasks/new" for ::1 at 2022-03-14 18:32:27 +0900
Processing by TasksController#new as HTML
  Rendering tasks/new.html.slim within layouts/application
  Rendered tasks/new.html.slim within layouts/application (5.4ms)
Completed 200 OK in 36ms (Views: 32.9ms | ActiveRecord: 0.0ms)


Started POST "/tasks" for ::1 at 2022-03-14 18:32:39 +0900
Processing by TasksController#create as HTML
  Parameters: {"utf8"=>"âœ“", "authenticity_token"=>"8MIr3zI24ndvKGVPdOgW9eUKEVWKTDVSQWSx5Qp1SU6gr7tA4vocOzOzjlRZD2q9cJtGRT2MRetNriE9lhsK0w==", "task"=>{"name"=>"é€±æ¬¡ãƒ¬ãƒãƒ¼ãƒˆã®æå‡º2", "description"=>"æ¥é€±ã‚‚æå‡ºã™ã‚‹"}, "commit"=>"ç™»éŒ²ã™ã‚‹"}
  [1m[35m (0.2ms)[0m  [1m[36mbegin transaction[0m
  â†³ app/controllers/tasks_controller.rb:17
  [1m[36mTask Create (0.4ms)[0m  [1m[32mINSERT INTO "tasks" ("name", "description", "created_at", "updated_at") VALUES (?, ?, ?, ?)[0m  [["name", "é€±æ¬¡ãƒ¬ãƒãƒ¼ãƒˆã®æå‡º2"], ["description", "æ¥é€±ã‚‚æå‡ºã™ã‚‹"], ["created_at", "2022-03-14 09:32:39.284244"], ["updated_at", "2022-03-14 09:32:39.284244"]]
  â†³ app/controllers/tasks_controller.rb:17
  [1m[35m (0.5ms)[0m  [1m[36mcommit transaction[0m
  â†³ app/controllers/tasks_controller.rb:17
Redirected to http://localhost:3000/tasks
Completed 302 Found in 4ms (ActiveRecord: 1.1ms)


Started GET "/tasks" for ::1 at 2022-03-14 18:32:39 +0900
Processing by TasksController#index as HTML
  Rendering tasks/index.html.slim within layouts/application
  Rendered tasks/index.html.slim within layouts/application (1.9ms)
Completed 200 OK in 27ms (Views: 24.7ms | ActiveRecord: 0.0ms)


Started GET "/tasks" for ::1 at 2022-03-14 18:33:43 +0900
Processing by TasksController#index as HTML
  Rendering tasks/index.html.slim within layouts/application
  Rendered tasks/index.html.slim within layouts/application (1.9ms)
Completed 200 OK in 34ms (Views: 31.1ms | ActiveRecord: 0.0ms)


Started GET "/tasks/new" for ::1 at 2022-03-14 18:34:11 +0900
Processing by TasksController#new as HTML
  Rendering tasks/new.html.slim within layouts/application
  Rendered tasks/new.html.slim within layouts/application (4.2ms)
Completed 200 OK in 33ms (Views: 29.8ms | ActiveRecord: 0.0ms)


Started GET "/tasks" for ::1 at 2022-03-14 18:39:03 +0900
Processing by TasksController#index as HTML
  Rendering tasks/index.html.slim within layouts/application
  Rendered tasks/index.html.slim within layouts/application (2.1ms)
Completed 200 OK in 36ms (Views: 32.2ms | ActiveRecord: 0.0ms)


Started GET "/tasks/new" for ::1 at 2022-03-14 18:40:37 +0900
Processing by TasksController#new as HTML
  Rendering tasks/new.html.slim within layouts/application
  Rendered tasks/new.html.slim within layouts/application (13.9ms)
Completed 200 OK in 53ms (Views: 47.6ms | ActiveRecord: 0.0ms)


Started GET "/tasks/new" for ::1 at 2022-03-14 18:45:12 +0900
  [1m[35m (0.5ms)[0m  [1m[34mSELECT "schema_migrations"."version" FROM "schema_migrations" ORDER BY "schema_migrations"."version" ASC[0m
  â†³ /Users/minako/.rbenv/versions/2.5.1/lib/ruby/gems/2.5.0/gems/activerecord-5.2.6.3/lib/active_record/log_subscriber.rb:98
Processing by TasksController#new as HTML
  Rendering tasks/new.html.slim within layouts/application
  Rendered tasks/new.html.slim within layouts/application (22.8ms)
Completed 200 OK in 339ms (Views: 327.9ms | ActiveRecord: 0.5ms)


Started GET "/tasks/new" for ::1 at 2022-03-14 18:45:16 +0900
Processing by TasksController#new as HTML
  Rendering tasks/new.html.slim within layouts/application
  Rendered tasks/new.html.slim within layouts/application (4.0ms)
Completed 200 OK in 27ms (Views: 24.3ms | ActiveRecord: 0.0ms)


Started GET "/tasks/new" for ::1 at 2022-03-14 18:45:17 +0900
Processing by TasksController#new as HTML
  Rendering tasks/new.html.slim within layouts/application
  Rendered tasks/new.html.slim within layouts/application (3.8ms)
Completed 200 OK in 27ms (Views: 24.0ms | ActiveRecord: 0.0ms)


Started GET "/tasks/new" for ::1 at 2022-03-14 20:19:39 +0900
  [1m[35m (0.4ms)[0m  [1m[34mSELECT "schema_migrations"."version" FROM "schema_migrations" ORDER BY "schema_migrations"."version" ASC[0m
  â†³ /Users/minako/.rbenv/versions/2.5.1/lib/ruby/gems/2.5.0/gems/activerecord-5.2.6.3/lib/active_record/log_subscriber.rb:98
Processing by TasksController#new as HTML
  Rendering tasks/new.html.slim within layouts/application
  Rendered tasks/new.html.slim within layouts/application (23.5ms)
Completed 200 OK in 396ms (Views: 381.7ms | ActiveRecord: 0.8ms)


Started GET "/" for ::1 at 2022-03-14 20:19:45 +0900
Processing by TasksController#index as HTML
  Rendering tasks/index.html.slim within layouts/application
  Rendered tasks/index.html.slim within layouts/application (1.9ms)
Completed 200 OK in 29ms (Views: 25.5ms | ActiveRecord: 0.0ms)


Started GET "/" for ::1 at 2022-03-14 20:38:53 +0900
  [1m[35m (0.6ms)[0m  [1m[34mSELECT "schema_migrations"."version" FROM "schema_migrations" ORDER BY "schema_migrations"."version" ASC[0m
  â†³ /Users/minako/.rbenv/versions/2.5.1/lib/ruby/gems/2.5.0/gems/activerecord-5.2.6.3/lib/active_record/log_subscriber.rb:98
Processing by TasksController#index as HTML
  Rendering tasks/index.html.slim within layouts/application
  Rendered tasks/index.html.slim within layouts/application (6.9ms)
Completed 200 OK in 2820ms (Views: 2814.2ms | ActiveRecord: 0.0ms)


Started GET "/" for ::1 at 2022-03-14 20:38:59 +0900
Processing by TasksController#index as HTML
  Rendering tasks/index.html.slim within layouts/application
  Rendered tasks/index.html.slim within layouts/application (2.1ms)
Completed 200 OK in 34ms (Views: 31.6ms | ActiveRecord: 0.0ms)


Started GET "/" for ::1 at 2022-03-14 20:39:01 +0900
Processing by TasksController#index as HTML
  Rendering tasks/index.html.slim within layouts/application
  Rendered tasks/index.html.slim within layouts/application (2.7ms)
Completed 200 OK in 37ms (Views: 34.6ms | ActiveRecord: 0.0ms)


Started GET "/" for ::1 at 2022-03-14 20:39:12 +0900
Processing by TasksController#index as HTML
  Rendering tasks/index.html.slim within layouts/application
  Rendered tasks/index.html.slim within layouts/application (2.5ms)
Completed 200 OK in 33ms (Views: 30.3ms | ActiveRecord: 0.0ms)


Started GET "/" for ::1 at 2022-03-14 20:40:51 +0900
Processing by TasksController#index as HTML
  Rendering tasks/index.html.slim within layouts/application
  Rendered tasks/index.html.slim within layouts/application (3.3ms)
Completed 200 OK in 1221ms (Views: 1218.1ms | ActiveRecord: 0.0ms)


Started GET "/" for ::1 at 2022-03-14 20:41:05 +0900
Processing by TasksController#index as HTML
  Rendering tasks/index.html.slim within layouts/application
  Rendered tasks/index.html.slim within layouts/application (2.5ms)
Completed 200 OK in 1277ms (Views: 1274.7ms | ActiveRecord: 0.0ms)


Started GET "/tasks/new" for ::1 at 2022-03-14 20:41:19 +0900
Processing by TasksController#new as HTML
  Rendering tasks/new.html.slim within layouts/application
  Rendered tasks/new.html.slim within layouts/application (19.6ms)
Completed 200 OK in 80ms (Views: 53.4ms | ActiveRecord: 0.7ms)


Started POST "/tasks" for ::1 at 2022-03-14 20:41:31 +0900
Processing by TasksController#create as HTML
  Parameters: {"utf8"=>"âœ“", "authenticity_token"=>"Epc789myyIPQtaJR4CVLBTHhCKo3/NZ2r2ulJb2vde9C+qtsCX42z4wuSUrNwjdNpHBfuoA8ps+joTX9IcE2cg==", "task"=>{"name"=>"é€±æ¬¡ãƒ¬ãƒãƒ¼ãƒˆã®æå‡º3", "description"=>"ã©ã†ã‹ãª"}, "commit"=>"ç™»éŒ²ã™ã‚‹"}
  [1m[35m (0.4ms)[0m  [1m[36mbegin transaction[0m
  â†³ app/controllers/tasks_controller.rb:17
  [1m[36mTask Create (1.1ms)[0m  [1m[32mINSERT INTO "tasks" ("name", "description", "created_at", "updated_at") VALUES (?, ?, ?, ?)[0m  [["name", "é€±æ¬¡ãƒ¬ãƒãƒ¼ãƒˆã®æå‡º3"], ["description", "ã©ã†ã‹ãª"], ["created_at", "2022-03-14 11:41:31.270868"], ["updated_at", "2022-03-14 11:41:31.270868"]]
  â†³ app/controllers/tasks_controller.rb:17
  [1m[35m (0.8ms)[0m  [1m[36mcommit transaction[0m
  â†³ app/controllers/tasks_controller.rb:17
Redirected to http://localhost:3000/tasks
Completed 302 Found in 6ms (ActiveRecord: 2.2ms)


Started GET "/tasks" for ::1 at 2022-03-14 20:41:31 +0900
Processing by TasksController#index as HTML
  Rendering tasks/index.html.slim within layouts/application
  Rendered tasks/index.html.slim within layouts/application (1.8ms)
Completed 200 OK in 26ms (Views: 23.5ms | ActiveRecord: 0.0ms)


Started GET "/tasks" for ::1 at 2022-03-14 20:41:44 +0900
Processing by TasksController#index as HTML
  Rendering tasks/index.html.slim within layouts/application
  Rendered tasks/index.html.slim within layouts/application (2.2ms)
Completed 200 OK in 1031ms (Views: 1027.9ms | ActiveRecord: 0.0ms)


Started GET "/tasks/new" for ::1 at 2022-03-14 20:41:47 +0900
Processing by TasksController#new as HTML
  Rendering tasks/new.html.slim within layouts/application
  Rendered tasks/new.html.slim within layouts/application (4.5ms)
Completed 200 OK in 40ms (Views: 37.7ms | ActiveRecord: 0.0ms)


Started POST "/tasks" for ::1 at 2022-03-14 20:41:56 +0900
Processing by TasksController#create as HTML
  Parameters: {"utf8"=>"âœ“", "authenticity_token"=>"2AGcYTMccz6Af736rhgDExKjwqVkCqMz0tlY15C0WaCIbAz+49CNctzkVuGD/39bhzKVtdPK04reE8gPDNoaPQ==", "task"=>{"name"=>"é€±æ¬¡ãƒ¬ãƒãƒ¼ãƒˆã®æå‡º4", "description"=>"ã©ã†ã‹ãªã‚"}, "commit"=>"ç™»éŒ²ã™ã‚‹"}
  [1m[35m (0.1ms)[0m  [1m[36mbegin transaction[0m
  â†³ app/controllers/tasks_controller.rb:17
  [1m[36mTask Create (0.4ms)[0m  [1m[32mINSERT INTO "tasks" ("name", "description", "created_at", "updated_at") VALUES (?, ?, ?, ?)[0m  [["name", "é€±æ¬¡ãƒ¬ãƒãƒ¼ãƒˆã®æå‡º4"], ["description", "ã©ã†ã‹ãªã‚"], ["created_at", "2022-03-14 11:41:56.937454"], ["updated_at", "2022-03-14 11:41:56.937454"]]
  â†³ app/controllers/tasks_controller.rb:17
  [1m[35m (0.7ms)[0m  [1m[36mcommit transaction[0m
  â†³ app/controllers/tasks_controller.rb:17
Redirected to http://localhost:3000/tasks
Completed 302 Found in 4ms (ActiveRecord: 1.2ms)


Started GET "/tasks" for ::1 at 2022-03-14 20:41:56 +0900
Processing by TasksController#index as HTML
  Rendering tasks/index.html.slim within layouts/application
  Rendered tasks/index.html.slim within layouts/application (2.7ms)
Completed 200 OK in 39ms (Views: 35.9ms | ActiveRecord: 0.0ms)


Started GET "/tasks" for ::1 at 2022-03-14 20:42:30 +0900
Processing by TasksController#index as HTML
  Rendering tasks/index.html.slim within layouts/application
  Rendered tasks/index.html.slim within layouts/application (1.7ms)
Completed 200 OK in 30ms (Views: 27.0ms | ActiveRecord: 0.0ms)


Started GET "/tasks" for ::1 at 2022-03-14 20:42:56 +0900
Processing by TasksController#index as HTML
  Rendering tasks/index.html.slim within layouts/application
  Rendered tasks/index.html.slim within layouts/application (2.0ms)
Completed 200 OK in 1215ms (Views: 1211.7ms | ActiveRecord: 0.0ms)


Started GET "/tasks/new" for ::1 at 2022-03-14 20:46:40 +0900
Processing by TasksController#new as HTML
  Rendering tasks/new.html.slim within layouts/application
  Rendered tasks/new.html.slim within layouts/application (7.0ms)
Completed 200 OK in 49ms (Views: 44.4ms | ActiveRecord: 0.0ms)


Started POST "/tasks" for ::1 at 2022-03-14 20:46:47 +0900
Processing by TasksController#create as HTML
  Parameters: {"utf8"=>"âœ“", "authenticity_token"=>"/OdFnHEAykEgdj0exj9ct8g3R0hJ1U3cfYNTr4zF6DCsitUDocw0DXzt1gXr2CD/XaYQWP4VPWVxScN3EKurrQ==", "task"=>{"name"=>"é€±æ¬¡ãƒ¬ãƒãƒ¼ãƒˆã®æå‡º5", "description"=>"test"}, "commit"=>"ç™»éŒ²ã™ã‚‹"}
  [1m[35m (0.3ms)[0m  [1m[36mbegin transaction[0m
  â†³ app/controllers/tasks_controller.rb:17
  [1m[36mTask Create (0.7ms)[0m  [1m[32mINSERT INTO "tasks" ("name", "description", "created_at", "updated_at") VALUES (?, ?, ?, ?)[0m  [["name", "é€±æ¬¡ãƒ¬ãƒãƒ¼ãƒˆã®æå‡º5"], ["description", "test"], ["created_at", "2022-03-14 11:46:47.052923"], ["updated_at", "2022-03-14 11:46:47.052923"]]
  â†³ app/controllers/tasks_controller.rb:17
  [1m[35m (1.1ms)[0m  [1m[36mcommit transaction[0m
  â†³ app/controllers/tasks_controller.rb:17
Redirected to http://localhost:3000/tasks
Completed 302 Found in 7ms (ActiveRecord: 2.0ms)


Started GET "/tasks" for ::1 at 2022-03-14 20:46:47 +0900
Processing by TasksController#index as HTML
  Rendering tasks/index.html.slim within layouts/application
  Rendered tasks/index.html.slim within layouts/application (1.9ms)
Completed 200 OK in 31ms (Views: 27.4ms | ActiveRecord: 0.0ms)


Started GET "/tasks" for ::1 at 2022-03-14 20:47:26 +0900
Processing by TasksController#index as HTML
  Rendering tasks/index.html.slim within layouts/application
  Rendered tasks/index.html.slim within layouts/application (3.2ms)
Completed 200 OK in 34ms (Views: 30.7ms | ActiveRecord: 0.0ms)


Started GET "/tasks" for ::1 at 2022-03-14 20:47:33 +0900
Processing by TasksController#index as HTML
  Rendering tasks/index.html.slim within layouts/application
  Rendered tasks/index.html.slim within layouts/application (1.8ms)
Completed 200 OK in 31ms (Views: 27.7ms | ActiveRecord: 0.0ms)


Started GET "/tasks/new" for ::1 at 2022-03-14 20:52:58 +0900
Processing by TasksController#new as HTML
  Rendering tasks/new.html.slim within layouts/application
  Rendered tasks/new.html.slim within layouts/application (11.2ms)
Completed 200 OK in 53ms (Views: 47.5ms | ActiveRecord: 0.0ms)


Started POST "/tasks" for ::1 at 2022-03-14 20:53:10 +0900
Processing by TasksController#create as HTML
  Parameters: {"utf8"=>"âœ“", "authenticity_token"=>"lDBQQgQe2bFJGCyK2iwX7GRbxw4EvMttWQfylp8fiZrEXcDd1NIn/RWDx5H3y2uk8cqQHrN8u9RVzWJOA3HKBw==", "task"=>{"name"=>"ã¦ã™ã¨", "description"=>"ã¦ã™ã¨ã§ã™"}, "commit"=>"ç™»éŒ²ã™ã‚‹"}
  [1m[35m (0.1ms)[0m  [1m[36mbegin transaction[0m
  â†³ app/controllers/tasks_controller.rb:17
  [1m[36mTask Create (0.5ms)[0m  [1m[32mINSERT INTO "tasks" ("name", "description", "created_at", "updated_at") VALUES (?, ?, ?, ?)[0m  [["name", "ã¦ã™ã¨"], ["description", "ã¦ã™ã¨ã§ã™"], ["created_at", "2022-03-14 11:53:10.307314"], ["updated_at", "2022-03-14 11:53:10.307314"]]
  â†³ app/controllers/tasks_controller.rb:17
  [1m[35m (0.7ms)[0m  [1m[36mcommit transaction[0m
  â†³ app/controllers/tasks_controller.rb:17
Redirected to http://localhost:3000/tasks
Completed 302 Found in 6ms (ActiveRecord: 1.3ms)


Started GET "/tasks" for ::1 at 2022-03-14 20:53:10 +0900
Processing by TasksController#index as HTML
  Rendering tasks/index.html.slim within layouts/application
  Rendered tasks/index.html.slim within layouts/application (8.0ms)
Completed 200 OK in 37ms (Views: 33.2ms | ActiveRecord: 0.0ms)


Started GET "/" for ::1 at 2022-03-14 20:56:04 +0900
Processing by TasksController#index as HTML
  Rendering tasks/index.html.slim within layouts/application
  Rendered tasks/index.html.slim within layouts/application (2.2ms)
Completed 200 OK in 41ms (Views: 37.7ms | ActiveRecord: 0.0ms)


Started GET "/tasks" for ::1 at 2022-03-14 21:07:38 +0900
Processing by TasksController#index as HTML
  Rendering tasks/index.html.slim within layouts/application
  Rendered tasks/index.html.slim within layouts/application (5.7ms)
Completed 500 Internal Server Error in 21ms (ActiveRecord: 0.0ms)


  
SyntaxError (/Users/minako/Desktop/program/runteq/genba_rails/taskleaf/app/views/tasks/index.html.slim:11: syntax error, unexpected ';'
; @tasks.each.do |task|; 
                       ^
/Users/minako/Desktop/program/runteq/genba_rails/taskleaf/app/views/tasks/index.html.slim:16: syntax error, unexpected keyword_ensure, expecting end-of-input
          ensure
          ^~~~~~):
  
app/views/tasks/index.html.slim:11: syntax error, unexpected ';'
app/views/tasks/index.html.slim:16: syntax error, unexpected keyword_ensure, expecting end-of-input
Started GET "/tasks" for ::1 at 2022-03-14 21:08:26 +0900
Processing by TasksController#index as HTML
  Rendering tasks/index.html.slim within layouts/application
  Rendered tasks/index.html.slim within layouts/application (5.5ms)
Completed 500 Internal Server Error in 21ms (ActiveRecord: 0.0ms)


  
SyntaxError (/Users/minako/Desktop/program/runteq/genba_rails/taskleaf/app/views/tasks/index.html.slim:11: syntax error, unexpected ';'
; @tasks.each.do |task|; 
                       ^
/Users/minako/Desktop/program/runteq/genba_rails/taskleaf/app/views/tasks/index.html.slim:16: syntax error, unexpected keyword_ensure, expecting end-of-input
          ensure
          ^~~~~~):
  
app/views/tasks/index.html.slim:11: syntax error, unexpected ';'
app/views/tasks/index.html.slim:16: syntax error, unexpected keyword_ensure, expecting end-of-input
Started GET "/tasks" for ::1 at 2022-03-14 21:14:02 +0900
Processing by TasksController#index as HTML
  Rendering tasks/index.html.slim within layouts/application
  Rendered tasks/index.html.slim within layouts/application (17.9ms)
Completed 500 Internal Server Error in 39ms (ActiveRecord: 0.0ms)


  
SyntaxError (/Users/minako/Desktop/program/runteq/genba_rails/taskleaf/app/views/tasks/index.html.slim:12: syntax error, unexpected ';'
; @tasks.each.do |task|; 
                       ^
/Users/minako/Desktop/program/runteq/genba_rails/taskleaf/app/views/tasks/index.html.slim:17: syntax error, unexpected keyword_ensure, expecting end-of-input
          ensure
          ^~~~~~):
  
app/views/tasks/index.html.slim:12: syntax error, unexpected ';'
app/views/tasks/index.html.slim:17: syntax error, unexpected keyword_ensure, expecting end-of-input
Started GET "/tasks" for ::1 at 2022-03-14 21:14:34 +0900
Processing by TasksController#index as HTML
  Rendering tasks/index.html.slim within layouts/application
  Rendered tasks/index.html.slim within layouts/application (2.7ms)
Completed 500 Internal Server Error in 11ms (ActiveRecord: 0.0ms)


  
SyntaxError (/Users/minako/Desktop/program/runteq/genba_rails/taskleaf/app/views/tasks/index.html.slim:12: syntax error, unexpected ';'
; @tasks.each.do |task|; 
                       ^
/Users/minako/Desktop/program/runteq/genba_rails/taskleaf/app/views/tasks/index.html.slim:17: syntax error, unexpected keyword_ensure, expecting end-of-input
          ensure
          ^~~~~~):
  
app/views/tasks/index.html.slim:12: syntax error, unexpected ';'
app/views/tasks/index.html.slim:17: syntax error, unexpected keyword_ensure, expecting end-of-input
Started GET "/tasks" for ::1 at 2022-03-14 21:16:24 +0900
Processing by TasksController#index as HTML
  Rendering tasks/index.html.slim within layouts/application
  Rendered tasks/index.html.slim within layouts/application (7.0ms)
Completed 200 OK in 57ms (Views: 52.1ms | ActiveRecord: 0.0ms)


Started GET "/tasks" for ::1 at 2022-03-14 21:16:40 +0900
Processing by TasksController#index as HTML
  Rendering tasks/index.html.slim within layouts/application
  Rendered tasks/index.html.slim within layouts/application (3.3ms)
Completed 500 Internal Server Error in 12ms (ActiveRecord: 0.0ms)


  
SyntaxError (/Users/minako/Desktop/program/runteq/genba_rails/taskleaf/app/views/tasks/index.html.slim:12: syntax error, unexpected ';'
...reeze)); @tasks.each.do |task|; 
...                              ^
/Users/minako/Desktop/program/runteq/genba_rails/taskleaf/app/views/tasks/index.html.slim:17: syntax error, unexpected keyword_ensure, expecting end-of-input
          ensure
          ^~~~~~):
  
app/views/tasks/index.html.slim:12: syntax error, unexpected ';'
app/views/tasks/index.html.slim:17: syntax error, unexpected keyword_ensure, expecting end-of-input
Started GET "/tasks" for ::1 at 2022-03-14 21:17:04 +0900
Processing by TasksController#index as HTML
  Rendering tasks/index.html.slim within layouts/application
  Rendered tasks/index.html.slim within layouts/application (10.1ms)
Completed 500 Internal Server Error in 22ms (ActiveRecord: 0.0ms)


  
SyntaxError (/Users/minako/Desktop/program/runteq/genba_rails/taskleaf/app/views/tasks/index.html.slim:12: syntax error, unexpected ';'
; @tasks.each.do |task|; 
                       ^
/Users/minako/Desktop/program/runteq/genba_rails/taskleaf/app/views/tasks/index.html.slim:17: syntax error, unexpected keyword_ensure, expecting end-of-input
          ensure
          ^~~~~~):
  
app/views/tasks/index.html.slim:12: syntax error, unexpected ';'
app/views/tasks/index.html.slim:17: syntax error, unexpected keyword_ensure, expecting end-of-input
Started GET "/tasks" for ::1 at 2022-03-14 21:17:26 +0900
Processing by TasksController#index as HTML
  Rendering tasks/index.html.slim within layouts/application
  Rendered tasks/index.html.slim within layouts/application (2.8ms)
Completed 500 Internal Server Error in 12ms (ActiveRecord: 0.0ms)


  
SyntaxError (/Users/minako/Desktop/program/runteq/genba_rails/taskleaf/app/views/tasks/index.html.slim:12: syntax error, unexpected ';'
; @tasks.each.do |task|; 
                       ^
/Users/minako/Desktop/program/runteq/genba_rails/taskleaf/app/views/tasks/index.html.slim:17: syntax error, unexpected keyword_ensure, expecting end-of-input
          ensure
          ^~~~~~):
  
app/views/tasks/index.html.slim:12: syntax error, unexpected ';'
app/views/tasks/index.html.slim:17: syntax error, unexpected keyword_ensure, expecting end-of-input
Started GET "/tasks" for ::1 at 2022-03-14 21:18:52 +0900
Processing by TasksController#index as HTML
  Rendering tasks/index.html.slim within layouts/application
  Rendered tasks/index.html.slim within layouts/application (2.0ms)
Completed 500 Internal Server Error in 12ms (ActiveRecord: 0.0ms)


  
ActionView::Template::Error (Unknown line indicator
  /Users/minako/Desktop/program/runteq/genba_rails/taskleaf/app/views/tasks/index.html.slim, Line 12, Column 4
    @tasks.each.do |task|
    ^
):
     9:       th= Task.human_attribute_name(:name)
    10:       th= Task.human_attribute_name(:created_at)
    11: 	tbody
    12:     @tasks.each.do |task|
    13:       tr
    14:         td= task.name
    15:         td= task.created_at
  
app/views/tasks/index.html.slim:12
Started GET "/tasks" for ::1 at 2022-03-14 21:19:31 +0900
Processing by TasksController#index as HTML
  Rendering tasks/index.html.slim within layouts/application
  [1m[36mTask Load (0.8ms)[0m  [1m[34mSELECT "tasks".* FROM "tasks"[0m
  â†³ app/views/tasks/index.html.slim:12
  Rendered tasks/index.html.slim within layouts/application (32.2ms)
Completed 200 OK in 73ms (Views: 69.2ms | ActiveRecord: 1.2ms)


Started GET "/tasks" for ::1 at 2022-03-14 21:20:36 +0900
Processing by TasksController#index as HTML
  Rendering tasks/index.html.slim within layouts/application
  [1m[36mTask Load (0.2ms)[0m  [1m[34mSELECT "tasks".* FROM "tasks"[0m
  â†³ app/views/tasks/index.html.slim:12
  Rendered tasks/index.html.slim within layouts/application (4.7ms)
Completed 200 OK in 37ms (Views: 34.2ms | ActiveRecord: 0.2ms)


Started GET "/tasks" for ::1 at 2022-03-14 21:30:32 +0900
Processing by TasksController#index as HTML
  Rendering tasks/index.html.slim within layouts/application
  [1m[36mTask Load (0.6ms)[0m  [1m[34mSELECT "tasks".* FROM "tasks"[0m
  â†³ app/views/tasks/index.html.slim:12
  Rendered tasks/index.html.slim within layouts/application (13.2ms)
Completed 200 OK in 62ms (Views: 52.7ms | ActiveRecord: 1.1ms)


Started GET "/tasks/1" for ::1 at 2022-03-14 21:30:34 +0900
Processing by TasksController#show as HTML
  Parameters: {"id"=>"1"}
  [1m[36mTask Load (0.3ms)[0m  [1m[34mSELECT  "tasks".* FROM "tasks" WHERE "tasks"."id" = ? LIMIT ?[0m  [["id", 1], ["LIMIT", 1]]
  â†³ app/controllers/tasks_controller.rb:7
  Rendering tasks/show.html.slim within layouts/application
  Rendered tasks/show.html.slim within layouts/application (5.3ms)
Completed 200 OK in 42ms (Views: 29.6ms | ActiveRecord: 0.3ms)


Started GET "/tasks" for ::1 at 2022-03-14 21:30:39 +0900
Processing by TasksController#index as HTML
  Rendering tasks/index.html.slim within layouts/application
  [1m[36mTask Load (0.2ms)[0m  [1m[34mSELECT "tasks".* FROM "tasks"[0m
  â†³ app/views/tasks/index.html.slim:12
  Rendered tasks/index.html.slim within layouts/application (5.1ms)
Completed 200 OK in 42ms (Views: 37.8ms | ActiveRecord: 0.2ms)


Started GET "/tasks/2" for ::1 at 2022-03-14 21:30:40 +0900
Processing by TasksController#show as HTML
  Parameters: {"id"=>"2"}
  [1m[36mTask Load (0.1ms)[0m  [1m[34mSELECT  "tasks".* FROM "tasks" WHERE "tasks"."id" = ? LIMIT ?[0m  [["id", 2], ["LIMIT", 1]]
  â†³ app/controllers/tasks_controller.rb:7
  Rendering tasks/show.html.slim within layouts/application
  Rendered tasks/show.html.slim within layouts/application (4.0ms)
Completed 200 OK in 38ms (Views: 33.9ms | ActiveRecord: 0.1ms)


Started GET "/tasks" for ::1 at 2022-03-14 21:30:41 +0900
Processing by TasksController#index as HTML
  Rendering tasks/index.html.slim within layouts/application
  [1m[36mTask Load (0.1ms)[0m  [1m[34mSELECT "tasks".* FROM "tasks"[0m
  â†³ app/views/tasks/index.html.slim:12
  Rendered tasks/index.html.slim within layouts/application (4.6ms)
Completed 200 OK in 39ms (Views: 35.1ms | ActiveRecord: 0.1ms)


Started GET "/tasks/3" for ::1 at 2022-03-14 21:30:42 +0900
Processing by TasksController#show as HTML
  Parameters: {"id"=>"3"}
  [1m[36mTask Load (0.1ms)[0m  [1m[34mSELECT  "tasks".* FROM "tasks" WHERE "tasks"."id" = ? LIMIT ?[0m  [["id", 3], ["LIMIT", 1]]
  â†³ app/controllers/tasks_controller.rb:7
  Rendering tasks/show.html.slim within layouts/application
  Rendered tasks/show.html.slim within layouts/application (4.7ms)
Completed 200 OK in 34ms (Views: 28.8ms | ActiveRecord: 0.1ms)


Started GET "/tasks" for ::1 at 2022-03-14 21:30:43 +0900
Processing by TasksController#index as HTML
  Rendering tasks/index.html.slim within layouts/application
  [1m[36mTask Load (0.1ms)[0m  [1m[34mSELECT "tasks".* FROM "tasks"[0m
  â†³ app/views/tasks/index.html.slim:12
  Rendered tasks/index.html.slim within layouts/application (4.1ms)
Completed 200 OK in 30ms (Views: 26.6ms | ActiveRecord: 0.1ms)


Started GET "/tasks/4" for ::1 at 2022-03-14 21:30:44 +0900
Processing by TasksController#show as HTML
  Parameters: {"id"=>"4"}
  [1m[36mTask Load (0.2ms)[0m  [1m[34mSELECT  "tasks".* FROM "tasks" WHERE "tasks"."id" = ? LIMIT ?[0m  [["id", 4], ["LIMIT", 1]]
  â†³ app/controllers/tasks_controller.rb:7
  Rendering tasks/show.html.slim within layouts/application
  Rendered tasks/show.html.slim within layouts/application (4.0ms)
Completed 200 OK in 36ms (Views: 32.4ms | ActiveRecord: 0.2ms)


Started GET "/tasks/" for ::1 at 2022-03-14 21:38:51 +0900
Processing by TasksController#index as HTML
  Rendering tasks/index.html.slim within layouts/application
  [1m[36mTask Load (0.6ms)[0m  [1m[34mSELECT "tasks".* FROM "tasks"[0m
  â†³ app/views/tasks/index.html.slim:13
  Rendered tasks/index.html.slim within layouts/application (12.4ms)
Completed 200 OK in 58ms (Views: 48.6ms | ActiveRecord: 0.6ms)


Started GET "/tasks/" for ::1 at 2022-03-14 21:38:53 +0900
Processing by TasksController#index as HTML
  Rendering tasks/index.html.slim within layouts/application
  [1m[36mTask Load (0.2ms)[0m  [1m[34mSELECT "tasks".* FROM "tasks"[0m
  â†³ app/views/tasks/index.html.slim:13
  Rendered tasks/index.html.slim within layouts/application (5.3ms)
Completed 200 OK in 66ms (Views: 61.9ms | ActiveRecord: 0.2ms)


Started GET "/tasks/" for ::1 at 2022-03-14 21:38:54 +0900
Processing by TasksController#index as HTML
  Rendering tasks/index.html.slim within layouts/application
  [1m[36mTask Load (0.2ms)[0m  [1m[34mSELECT "tasks".* FROM "tasks"[0m
  â†³ app/views/tasks/index.html.slim:13
  Rendered tasks/index.html.slim within layouts/application (7.1ms)
Completed 200 OK in 39ms (Views: 35.5ms | ActiveRecord: 0.2ms)


Started GET "/tasks/" for ::1 at 2022-03-14 21:39:13 +0900
Processing by TasksController#index as HTML
  Rendering tasks/index.html.slim within layouts/application
  [1m[36mTask Load (0.1ms)[0m  [1m[34mSELECT "tasks".* FROM "tasks"[0m
  â†³ app/views/tasks/index.html.slim:13
  Rendered tasks/index.html.slim within layouts/application (4.2ms)
Completed 200 OK in 32ms (Views: 28.7ms | ActiveRecord: 0.1ms)


Started GET "/tasks/" for ::1 at 2022-03-14 21:41:13 +0900
Processing by TasksController#index as HTML
  Rendering tasks/index.html.slim within layouts/application
  [1m[36mTask Load (0.2ms)[0m  [1m[34mSELECT "tasks".* FROM "tasks"[0m
  â†³ app/views/tasks/index.html.slim:13
  Rendered tasks/index.html.slim within layouts/application (4.4ms)
Completed 200 OK in 39ms (Views: 35.9ms | ActiveRecord: 0.2ms)


Started GET "/tasks/" for ::1 at 2022-03-14 21:42:08 +0900
Processing by TasksController#index as HTML
  Rendering tasks/index.html.slim within layouts/application
  [1m[36mTask Load (0.2ms)[0m  [1m[34mSELECT "tasks".* FROM "tasks"[0m
  â†³ app/views/tasks/index.html.slim:13
  Rendered tasks/index.html.slim within layouts/application (6.9ms)
Completed 200 OK in 41ms (Views: 37.5ms | ActiveRecord: 0.2ms)


Started GET "/tasks/" for ::1 at 2022-03-14 21:42:09 +0900
Processing by TasksController#index as HTML
  Rendering tasks/index.html.slim within layouts/application
  [1m[36mTask Load (0.2ms)[0m  [1m[34mSELECT "tasks".* FROM "tasks"[0m
  â†³ app/views/tasks/index.html.slim:13
  Rendered tasks/index.html.slim within layouts/application (4.3ms)
Completed 200 OK in 34ms (Views: 30.6ms | ActiveRecord: 0.2ms)


Started GET "/tasks/" for ::1 at 2022-03-14 21:43:01 +0900
Processing by TasksController#index as HTML
  Rendering tasks/index.html.slim within layouts/application
  [1m[36mTask Load (0.1ms)[0m  [1m[34mSELECT "tasks".* FROM "tasks"[0m
  â†³ app/views/tasks/index.html.slim:13
  Rendered tasks/index.html.slim within layouts/application (4.3ms)
Completed 200 OK in 31ms (Views: 28.1ms | ActiveRecord: 0.1ms)


Started GET "/tasks/" for ::1 at 2022-03-14 21:43:02 +0900
Processing by TasksController#index as HTML
  Rendering tasks/index.html.slim within layouts/application
  [1m[36mTask Load (0.1ms)[0m  [1m[34mSELECT "tasks".* FROM "tasks"[0m
  â†³ app/views/tasks/index.html.slim:13
  Rendered tasks/index.html.slim within layouts/application (3.9ms)
Completed 200 OK in 42ms (Views: 38.0ms | ActiveRecord: 0.1ms)


Started GET "/tasks/" for ::1 at 2022-03-14 21:43:34 +0900
Processing by TasksController#index as HTML
  Rendering tasks/index.html.slim within layouts/application
  [1m[36mTask Load (0.1ms)[0m  [1m[34mSELECT "tasks".* FROM "tasks"[0m
  â†³ app/views/tasks/index.html.slim:12
  Rendered tasks/index.html.slim within layouts/application (3.9ms)
Completed 200 OK in 30ms (Views: 26.6ms | ActiveRecord: 0.1ms)


Started GET "/tasks/" for ::1 at 2022-03-14 21:43:35 +0900
Processing by TasksController#index as HTML
  Rendering tasks/index.html.slim within layouts/application
  [1m[36mTask Load (0.2ms)[0m  [1m[34mSELECT "tasks".* FROM "tasks"[0m
  â†³ app/views/tasks/index.html.slim:12
  Rendered tasks/index.html.slim within layouts/application (5.7ms)
Completed 200 OK in 36ms (Views: 33.0ms | ActiveRecord: 0.2ms)


Started GET "/tasks/" for ::1 at 2022-03-14 21:43:35 +0900
Processing by TasksController#index as HTML
  Rendering tasks/index.html.slim within layouts/application
  [1m[36mTask Load (0.2ms)[0m  [1m[34mSELECT "tasks".* FROM "tasks"[0m
  â†³ app/views/tasks/index.html.slim:12
  Rendered tasks/index.html.slim within layouts/application (5.8ms)
Completed 200 OK in 37ms (Views: 33.7ms | ActiveRecord: 0.2ms)


Started GET "/tasks/" for ::1 at 2022-03-14 21:43:36 +0900
Processing by TasksController#index as HTML
  Rendering tasks/index.html.slim within layouts/application
  [1m[36mTask Load (0.1ms)[0m  [1m[34mSELECT "tasks".* FROM "tasks"[0m
  â†³ app/views/tasks/index.html.slim:12
  Rendered tasks/index.html.slim within layouts/application (5.9ms)
Completed 200 OK in 33ms (Views: 30.5ms | ActiveRecord: 0.1ms)


Started GET "/tasks/" for ::1 at 2022-03-14 21:43:36 +0900
Processing by TasksController#index as HTML
  Rendering tasks/index.html.slim within layouts/application
  [1m[36mTask Load (0.1ms)[0m  [1m[34mSELECT "tasks".* FROM "tasks"[0m
  â†³ app/views/tasks/index.html.slim:12
  Rendered tasks/index.html.slim within layouts/application (4.5ms)
Completed 200 OK in 32ms (Views: 28.6ms | ActiveRecord: 0.1ms)


Started GET "/tasks/" for ::1 at 2022-03-14 21:43:37 +0900
Processing by TasksController#index as HTML
  Rendering tasks/index.html.slim within layouts/application
  [1m[36mTask Load (0.1ms)[0m  [1m[34mSELECT "tasks".* FROM "tasks"[0m
  â†³ app/views/tasks/index.html.slim:12
  Rendered tasks/index.html.slim within layouts/application (5.7ms)
Completed 200 OK in 36ms (Views: 33.1ms | ActiveRecord: 0.1ms)


Started GET "/tasks/" for ::1 at 2022-03-14 21:43:38 +0900
Processing by TasksController#index as HTML
  Rendering tasks/index.html.slim within layouts/application
  [1m[36mTask Load (0.1ms)[0m  [1m[34mSELECT "tasks".* FROM "tasks"[0m
  â†³ app/views/tasks/index.html.slim:12
  Rendered tasks/index.html.slim within layouts/application (3.8ms)
Completed 200 OK in 32ms (Views: 28.4ms | ActiveRecord: 0.1ms)


Started GET "/tasks/" for ::1 at 2022-03-14 21:44:12 +0900
Processing by TasksController#index as HTML
  Rendering tasks/index.html.slim within layouts/application
  [1m[36mTask Load (0.2ms)[0m  [1m[34mSELECT "tasks".* FROM "tasks"[0m
  â†³ app/views/tasks/index.html.slim:13
  Rendered tasks/index.html.slim within layouts/application (5.9ms)
Completed 200 OK in 39ms (Views: 35.8ms | ActiveRecord: 0.2ms)


Started GET "/tasks/" for ::1 at 2022-03-15 09:12:26 +0900
Processing by TasksController#index as HTML
  Rendering tasks/index.html.slim within layouts/application
  [1m[36mTask Load (0.6ms)[0m  [1m[34mSELECT "tasks".* FROM "tasks"[0m
  â†³ app/views/tasks/index.html.slim:13
  Rendered tasks/index.html.slim within layouts/application (9.8ms)
Completed 200 OK in 56ms (Views: 51.0ms | ActiveRecord: 0.6ms)


Started GET "/tasks/" for ::1 at 2022-03-15 09:12:28 +0900
Processing by TasksController#index as HTML
  Rendering tasks/index.html.slim within layouts/application
  [1m[36mTask Load (0.2ms)[0m  [1m[34mSELECT "tasks".* FROM "tasks"[0m
  â†³ app/views/tasks/index.html.slim:13
  Rendered tasks/index.html.slim within layouts/application (5.2ms)
Completed 200 OK in 33ms (Views: 29.8ms | ActiveRecord: 0.2ms)


Started GET "/tasks/" for ::1 at 2022-03-15 09:12:28 +0900
Processing by TasksController#index as HTML
  Rendering tasks/index.html.slim within layouts/application
  [1m[36mTask Load (0.1ms)[0m  [1m[34mSELECT "tasks".* FROM "tasks"[0m
  â†³ app/views/tasks/index.html.slim:13
  Rendered tasks/index.html.slim within layouts/application (4.2ms)
Completed 200 OK in 32ms (Views: 28.9ms | ActiveRecord: 0.1ms)


Started GET "/tasks/" for ::1 at 2022-03-15 09:13:46 +0900
Processing by TasksController#index as HTML
  Rendering tasks/index.html.slim within layouts/application
  [1m[36mTask Load (0.1ms)[0m  [1m[34mSELECT "tasks".* FROM "tasks"[0m
  â†³ app/views/tasks/index.html.slim:13
  Rendered tasks/index.html.slim within layouts/application (4.1ms)
Completed 200 OK in 35ms (Views: 32.7ms | ActiveRecord: 0.1ms)


Started GET "/tasks/" for ::1 at 2022-03-15 09:13:47 +0900
Processing by TasksController#index as HTML
  Rendering tasks/index.html.slim within layouts/application
  [1m[36mTask Load (0.1ms)[0m  [1m[34mSELECT "tasks".* FROM "tasks"[0m
  â†³ app/views/tasks/index.html.slim:13
  Rendered tasks/index.html.slim within layouts/application (4.3ms)
Completed 200 OK in 34ms (Views: 31.2ms | ActiveRecord: 0.1ms)


Started GET "/tasks/" for ::1 at 2022-03-15 09:14:57 +0900
Processing by TasksController#index as HTML
  Rendering tasks/index.html.slim within layouts/application
  [1m[36mTask Load (0.3ms)[0m  [1m[34mSELECT "tasks".* FROM "tasks"[0m
  â†³ app/views/tasks/index.html.slim:13
  Rendered tasks/index.html.slim within layouts/application (9.9ms)
Completed 200 OK in 50ms (Views: 45.0ms | ActiveRecord: 0.3ms)


Started GET "/tasks/" for ::1 at 2022-03-15 09:14:58 +0900
Processing by TasksController#index as HTML
  Rendering tasks/index.html.slim within layouts/application
  [1m[36mTask Load (0.1ms)[0m  [1m[34mSELECT "tasks".* FROM "tasks"[0m
  â†³ app/views/tasks/index.html.slim:13
  Rendered tasks/index.html.slim within layouts/application (5.4ms)
Completed 200 OK in 35ms (Views: 32.2ms | ActiveRecord: 0.1ms)


Started GET "/tasks/" for ::1 at 2022-03-15 09:15:46 +0900
Processing by TasksController#index as HTML
  Rendering tasks/index.html.slim within layouts/application
  [1m[36mTask Load (0.1ms)[0m  [1m[34mSELECT "tasks".* FROM "tasks"[0m
  â†³ app/views/tasks/index.html.slim:13
  Rendered tasks/index.html.slim within layouts/application (4.2ms)
Completed 200 OK in 35ms (Views: 32.8ms | ActiveRecord: 0.1ms)


Started GET "/tasks/" for ::1 at 2022-03-15 09:16:25 +0900
  [1m[35m (0.4ms)[0m  [1m[34mSELECT "schema_migrations"."version" FROM "schema_migrations" ORDER BY "schema_migrations"."version" ASC[0m
  â†³ /Users/minako/.rbenv/versions/2.5.1/lib/ruby/gems/2.5.0/gems/activerecord-5.2.6.3/lib/active_record/log_subscriber.rb:98
Processing by TasksController#index as HTML
  Rendering tasks/index.html.slim within layouts/application
  [1m[36mTask Load (0.5ms)[0m  [1m[34mSELECT "tasks".* FROM "tasks"[0m
  â†³ app/views/tasks/index.html.slim:13
  Rendered tasks/index.html.slim within layouts/application (23.7ms)
Completed 200 OK in 356ms (Views: 348.4ms | ActiveRecord: 0.9ms)


Started GET "/tasks/" for ::1 at 2022-03-15 09:17:34 +0900
Processing by TasksController#index as HTML
  Rendering tasks/index.html.slim within layouts/application
  [1m[36mTask Load (0.5ms)[0m  [1m[34mSELECT "tasks".* FROM "tasks"[0m
  â†³ app/views/tasks/index.html.slim:13
  Rendered tasks/index.html.slim within layouts/application (4.5ms)
Completed 200 OK in 35ms (Views: 31.6ms | ActiveRecord: 0.5ms)


Started GET "/tasks/" for ::1 at 2022-03-15 09:17:55 +0900
Processing by TasksController#index as HTML
  Rendering tasks/index.html.slim within layouts/application
  [1m[36mTask Load (0.1ms)[0m  [1m[34mSELECT "tasks".* FROM "tasks"[0m
  â†³ app/views/tasks/index.html.slim:13
  Rendered tasks/index.html.slim within layouts/application (4.4ms)
Completed 200 OK in 33ms (Views: 30.1ms | ActiveRecord: 0.1ms)


Started GET "/tasks/" for ::1 at 2022-03-15 09:17:56 +0900
Processing by TasksController#index as HTML
  Rendering tasks/index.html.slim within layouts/application
  [1m[36mTask Load (0.1ms)[0m  [1m[34mSELECT "tasks".* FROM "tasks"[0m
  â†³ app/views/tasks/index.html.slim:13
  Rendered tasks/index.html.slim within layouts/application (3.9ms)
Completed 200 OK in 29ms (Views: 26.2ms | ActiveRecord: 0.1ms)


Started GET "/tasks/" for ::1 at 2022-03-15 09:18:11 +0900
Processing by TasksController#index as HTML
  Rendering tasks/index.html.slim within layouts/application
  [1m[36mTask Load (0.1ms)[0m  [1m[34mSELECT "tasks".* FROM "tasks"[0m
  â†³ app/views/tasks/index.html.slim:13
  Rendered tasks/index.html.slim within layouts/application (4.0ms)
Completed 200 OK in 32ms (Views: 29.5ms | ActiveRecord: 0.1ms)


Started GET "/tasks/" for ::1 at 2022-03-15 09:21:08 +0900
Processing by TasksController#index as HTML
  Rendering tasks/index.html.slim within layouts/application
  [1m[36mTask Load (0.1ms)[0m  [1m[34mSELECT "tasks".* FROM "tasks"[0m
  â†³ app/views/tasks/index.html.slim:13
  Rendered tasks/index.html.slim within layouts/application (4.5ms)
Completed 200 OK in 38ms (Views: 35.1ms | ActiveRecord: 0.1ms)


Started GET "/tasks/" for ::1 at 2022-03-15 09:21:43 +0900
Processing by TasksController#index as HTML
  Rendering tasks/index.html.slim within layouts/application
  [1m[36mTask Load (0.1ms)[0m  [1m[34mSELECT "tasks".* FROM "tasks"[0m
  â†³ app/views/tasks/index.html.slim:13
  Rendered tasks/index.html.slim within layouts/application (4.0ms)
Completed 200 OK in 33ms (Views: 30.4ms | ActiveRecord: 0.1ms)


Started GET "/tasks/" for ::1 at 2022-03-15 09:21:44 +0900
Processing by TasksController#index as HTML
  Rendering tasks/index.html.slim within layouts/application
  [1m[36mTask Load (0.1ms)[0m  [1m[34mSELECT "tasks".* FROM "tasks"[0m
  â†³ app/views/tasks/index.html.slim:13
  Rendered tasks/index.html.slim within layouts/application (3.9ms)
Completed 200 OK in 27ms (Views: 24.6ms | ActiveRecord: 0.1ms)


Started GET "/tasks/" for ::1 at 2022-03-15 09:23:13 +0900
Processing by TasksController#index as HTML
  Rendering tasks/index.html.slim within layouts/application
  [1m[36mTask Load (0.1ms)[0m  [1m[34mSELECT "tasks".* FROM "tasks"[0m
  â†³ app/views/tasks/index.html.slim:13
  Rendered tasks/index.html.slim within layouts/application (4.0ms)
Completed 200 OK in 38ms (Views: 35.4ms | ActiveRecord: 0.1ms)


Started GET "/tasks/" for ::1 at 2022-03-15 09:23:14 +0900
Processing by TasksController#index as HTML
  Rendering tasks/index.html.slim within layouts/application
  [1m[36mTask Load (0.1ms)[0m  [1m[34mSELECT "tasks".* FROM "tasks"[0m
  â†³ app/views/tasks/index.html.slim:13
  Rendered tasks/index.html.slim within layouts/application (3.9ms)
Completed 200 OK in 27ms (Views: 24.3ms | ActiveRecord: 0.1ms)


Started GET "/tasks/" for ::1 at 2022-03-15 09:38:38 +0900
Processing by TasksController#index as HTML
  Rendering tasks/index.html.slim within layouts/application
  [1m[36mTask Load (0.6ms)[0m  [1m[34mSELECT "tasks".* FROM "tasks"[0m
  â†³ app/views/tasks/index.html.slim:13
  Rendered tasks/index.html.slim within layouts/application (15.4ms)
Completed 200 OK in 68ms (Views: 58.9ms | ActiveRecord: 0.6ms)


Started GET "/tasks/" for ::1 at 2022-03-15 09:39:35 +0900
Processing by TasksController#index as HTML
  Rendering tasks/index.html.slim within layouts/application
  [1m[36mTask Load (0.1ms)[0m  [1m[34mSELECT "tasks".* FROM "tasks"[0m
  â†³ app/views/tasks/index.html.slim:13
  Rendered tasks/index.html.slim within layouts/application (4.7ms)
Completed 200 OK in 38ms (Views: 35.9ms | ActiveRecord: 0.1ms)


Started GET "/tasks/" for ::1 at 2022-03-15 09:40:16 +0900
Processing by TasksController#index as HTML
  Rendering tasks/index.html.slim within layouts/application
  [1m[36mTask Load (0.1ms)[0m  [1m[34mSELECT "tasks".* FROM "tasks"[0m
  â†³ app/views/tasks/index.html.slim:13
  Rendered tasks/index.html.slim within layouts/application (4.3ms)
Completed 200 OK in 29ms (Views: 26.1ms | ActiveRecord: 0.1ms)


Started GET "/tasks/1" for ::1 at 2022-03-15 09:59:50 +0900
Processing by TasksController#show as HTML
  Parameters: {"id"=>"1"}
  [1m[36mTask Load (2.8ms)[0m  [1m[34mSELECT  "tasks".* FROM "tasks" WHERE "tasks"."id" = ? LIMIT ?[0m  [["id", 1], ["LIMIT", 1]]
  â†³ app/controllers/tasks_controller.rb:7
  Rendering tasks/show.html.slim within layouts/application
  Rendered tasks/show.html.slim within layouts/application (12.9ms)
Completed 200 OK in 143ms (Views: 50.9ms | ActiveRecord: 2.8ms)


Started GET "/tasks/1" for ::1 at 2022-03-15 10:07:21 +0900
Processing by TasksController#show as HTML
  Parameters: {"id"=>"1"}
  [1m[36mTask Load (0.4ms)[0m  [1m[34mSELECT  "tasks".* FROM "tasks" WHERE "tasks"."id" = ? LIMIT ?[0m  [["id", 1], ["LIMIT", 1]]
  â†³ app/controllers/tasks_controller.rb:7
  Rendering tasks/show.html.slim within layouts/application
  Rendered tasks/show.html.slim within layouts/application (7.3ms)
Completed 200 OK in 54ms (Views: 40.8ms | ActiveRecord: 0.9ms)


Started GET "/tasks/1/edit" for ::1 at 2022-03-15 10:07:22 +0900
Processing by TasksController#edit as HTML
  Parameters: {"id"=>"1"}
  [1m[36mTask Load (0.2ms)[0m  [1m[34mSELECT  "tasks".* FROM "tasks" WHERE "tasks"."id" = ? LIMIT ?[0m  [["id", 1], ["LIMIT", 1]]
  â†³ app/controllers/tasks_controller.rb:15
  Rendering tasks/edit.html.slim within layouts/application
  Rendered tasks/edit.html.slim within layouts/application (21.6ms)
Completed 200 OK in 50ms (Views: 45.7ms | ActiveRecord: 0.2ms)


Started PATCH "/tasks/1" for ::1 at 2022-03-15 10:07:53 +0900
Processing by TasksController#update as HTML
  Parameters: {"utf8"=>"âœ“", "authenticity_token"=>"XKM7lZRNhTk1qTs5Fn0O0rx+pRLqSawCBayWMSgbTy823Gfsygye34GdNMk9Z9a93ODY1Ui7jubBU89m7gzVoQ==", "task"=>{"name"=>"é€±æ¬¡ãƒ¬ãƒãƒ¼ãƒˆã®æå‡º", "description"=>"æœˆæ›œæ—¥ä¸­ã«æå‡ºã§ãã‚‹ã‹ãªï¼Ÿ"}, "commit"=>"æ›´æ–°ã™ã‚‹", "id"=>"1"}
  [1m[36mTask Load (0.1ms)[0m  [1m[34mSELECT  "tasks".* FROM "tasks" WHERE "tasks"."id" = ? LIMIT ?[0m  [["id", 1], ["LIMIT", 1]]
  â†³ app/controllers/tasks_controller.rb:25
  [1m[35m (0.1ms)[0m  [1m[36mbegin transaction[0m
  â†³ app/controllers/tasks_controller.rb:26
  [1m[36mTask Update (0.5ms)[0m  [1m[33mUPDATE "tasks" SET "description" = ?, "updated_at" = ? WHERE "tasks"."id" = ?[0m  [["description", "æœˆæ›œæ—¥ä¸­ã«æå‡ºã§ãã‚‹ã‹ãªï¼Ÿ"], ["updated_at", "2022-03-15 01:07:53.182833"], ["id", 1]]
  â†³ app/controllers/tasks_controller.rb:26
  [1m[35m (1.2ms)[0m  [1m[36mcommit transaction[0m
  â†³ app/controllers/tasks_controller.rb:26
Redirected to http://localhost:3000/tasks
Completed 302 Found in 6ms (ActiveRecord: 1.9ms)


Started GET "/tasks" for ::1 at 2022-03-15 10:07:53 +0900
Processing by TasksController#index as HTML
  Rendering tasks/index.html.slim within layouts/application
  [1m[36mTask Load (0.2ms)[0m  [1m[34mSELECT "tasks".* FROM "tasks"[0m
  â†³ app/views/tasks/index.html.slim:13
  Rendered tasks/index.html.slim within layouts/application (4.2ms)
Completed 200 OK in 35ms (Views: 32.5ms | ActiveRecord: 0.2ms)


Started GET "/tasks/2/edit" for ::1 at 2022-03-15 10:09:16 +0900
Processing by TasksController#edit as HTML
  Parameters: {"id"=>"2"}
  [1m[36mTask Load (0.2ms)[0m  [1m[34mSELECT  "tasks".* FROM "tasks" WHERE "tasks"."id" = ? LIMIT ?[0m  [["id", 2], ["LIMIT", 1]]
  â†³ app/controllers/tasks_controller.rb:15
  Rendering tasks/edit.html.slim within layouts/application
  Rendered tasks/edit.html.slim within layouts/application (4.6ms)
Completed 200 OK in 38ms (Views: 34.3ms | ActiveRecord: 0.2ms)


Started GET "/tasks" for ::1 at 2022-03-15 10:15:29 +0900
Processing by TasksController#index as HTML
  Rendering tasks/index.html.slim within layouts/application
  [1m[36mTask Load (0.6ms)[0m  [1m[34mSELECT "tasks".* FROM "tasks"[0m
  â†³ app/views/tasks/index.html.slim:13
  Rendered tasks/index.html.slim within layouts/application (10.2ms)
Completed 200 OK in 56ms (Views: 49.0ms | ActiveRecord: 0.6ms)


Started GET "/tasks/1/edit" for ::1 at 2022-03-15 10:15:30 +0900
Processing by TasksController#edit as HTML
  Parameters: {"id"=>"1"}
  [1m[36mTask Load (0.2ms)[0m  [1m[34mSELECT  "tasks".* FROM "tasks" WHERE "tasks"."id" = ? LIMIT ?[0m  [["id", 1], ["LIMIT", 1]]
  â†³ app/controllers/tasks_controller.rb:15
  Rendering tasks/edit.html.slim within layouts/application
  Rendered tasks/_form.html.slim (6.8ms)
  Rendered tasks/edit.html.slim within layouts/application (26.9ms)
Completed 200 OK in 72ms (Views: 68.8ms | ActiveRecord: 0.2ms)


Started PATCH "/tasks/1" for ::1 at 2022-03-15 10:15:34 +0900
Processing by TasksController#update as HTML
  Parameters: {"utf8"=>"âœ“", "authenticity_token"=>"+jHUg356KnLJbgEnvI8zSNVa6qYU0s0S6MyiUV5637uQToj6IDsxlH1aDteXlesntcSXYbYg7/YsM/sGmG1FNQ==", "task"=>{"name"=>"é€±æ¬¡ãƒ¬ãƒãƒ¼ãƒˆã®æå‡º", "description"=>"æœˆæ›œæ—¥ä¸­ã«æå‡ºã§ãã‚‹ã‹ãªï¼Ÿaaa"}, "commit"=>"æ›´æ–°ã™ã‚‹", "id"=>"1"}
  [1m[36mTask Load (0.1ms)[0m  [1m[34mSELECT  "tasks".* FROM "tasks" WHERE "tasks"."id" = ? LIMIT ?[0m  [["id", 1], ["LIMIT", 1]]
  â†³ app/controllers/tasks_controller.rb:25
  [1m[35m (0.1ms)[0m  [1m[36mbegin transaction[0m
  â†³ app/controllers/tasks_controller.rb:26
  [1m[36mTask Update (0.4ms)[0m  [1m[33mUPDATE "tasks" SET "description" = ?, "updated_at" = ? WHERE "tasks"."id" = ?[0m  [["description", "æœˆæ›œæ—¥ä¸­ã«æå‡ºã§ãã‚‹ã‹ãªï¼Ÿaaa"], ["updated_at", "2022-03-15 01:15:34.971424"], ["id", 1]]
  â†³ app/controllers/tasks_controller.rb:26
  [1m[35m (0.5ms)[0m  [1m[36mcommit transaction[0m
  â†³ app/controllers/tasks_controller.rb:26
Redirected to http://localhost:3000/tasks
Completed 302 Found in 4ms (ActiveRecord: 1.1ms)


Started GET "/tasks" for ::1 at 2022-03-15 10:15:34 +0900
Processing by TasksController#index as HTML
  Rendering tasks/index.html.slim within layouts/application
  [1m[36mTask Load (0.1ms)[0m  [1m[34mSELECT "tasks".* FROM "tasks"[0m
  â†³ app/views/tasks/index.html.slim:13
  Rendered tasks/index.html.slim within layouts/application (5.7ms)
Completed 200 OK in 33ms (Views: 30.0ms | ActiveRecord: 0.1ms)


Started GET "/tasks/1" for ::1 at 2022-03-15 10:15:37 +0900
Processing by TasksController#show as HTML
  Parameters: {"id"=>"1"}
  [1m[36mTask Load (0.1ms)[0m  [1m[34mSELECT  "tasks".* FROM "tasks" WHERE "tasks"."id" = ? LIMIT ?[0m  [["id", 1], ["LIMIT", 1]]
  â†³ app/controllers/tasks_controller.rb:7
  Rendering tasks/show.html.slim within layouts/application
  Rendered tasks/show.html.slim within layouts/application (5.2ms)
Completed 200 OK in 39ms (Views: 33.1ms | ActiveRecord: 0.1ms)


Started GET "/tasks" for ::1 at 2022-03-15 10:15:41 +0900
Processing by TasksController#index as HTML
  Rendering tasks/index.html.slim within layouts/application
  [1m[36mTask Load (0.2ms)[0m  [1m[34mSELECT "tasks".* FROM "tasks"[0m
  â†³ app/views/tasks/index.html.slim:13
  Rendered tasks/index.html.slim within layouts/application (4.8ms)
Completed 200 OK in 31ms (Views: 28.1ms | ActiveRecord: 0.2ms)


Started GET "/tasks/new" for ::1 at 2022-03-15 10:15:42 +0900
Processing by TasksController#new as HTML
  Rendering tasks/new.html.slim within layouts/application
  Rendered tasks/_form.html.slim (3.5ms)
  Rendered tasks/new.html.slim within layouts/application (7.9ms)
Completed 200 OK in 34ms (Views: 31.0ms | ActiveRecord: 0.0ms)


Started GET "/tasks" for ::1 at 2022-03-15 10:15:47 +0900
Processing by TasksController#index as HTML
  Rendering tasks/index.html.slim within layouts/application
  [1m[36mTask Load (0.1ms)[0m  [1m[34mSELECT "tasks".* FROM "tasks"[0m
  â†³ app/views/tasks/index.html.slim:13
  Rendered tasks/index.html.slim within layouts/application (4.7ms)
Completed 200 OK in 36ms (Views: 33.1ms | ActiveRecord: 0.1ms)


Started GET "/tasks" for ::1 at 2022-03-15 10:20:01 +0900
Processing by TasksController#index as HTML
  Rendering tasks/index.html.slim within layouts/application
  [1m[36mTask Load (0.4ms)[0m  [1m[34mSELECT "tasks".* FROM "tasks"[0m
  â†³ app/views/tasks/index.html.slim:13
  Rendered tasks/index.html.slim within layouts/application (11.8ms)
Completed 200 OK in 53ms (Views: 48.5ms | ActiveRecord: 0.4ms)


Started GET "/tasks" for ::1 at 2022-03-15 10:20:35 +0900
Processing by TasksController#index as HTML
  Rendering tasks/index.html.slim within layouts/application
  [1m[36mTask Load (0.1ms)[0m  [1m[34mSELECT "tasks".* FROM "tasks"[0m
  â†³ app/views/tasks/index.html.slim:13
  Rendered tasks/index.html.slim within layouts/application (4.8ms)
Completed 200 OK in 45ms (Views: 42.3ms | ActiveRecord: 0.1ms)


Started DELETE "/tasks/6" for ::1 at 2022-03-15 10:20:44 +0900
  
AbstractController::ActionNotFound (The action 'destroy' could not be found for TasksController):
  
actionpack (5.2.6.3) lib/abstract_controller/base.rb:129:in `process'
actionview (5.2.6.3) lib/action_view/rendering.rb:32:in `process'
actionpack (5.2.6.3) lib/action_controller/metal.rb:191:in `dispatch'
actionpack (5.2.6.3) lib/action_controller/metal.rb:252:in `dispatch'
actionpack (5.2.6.3) lib/action_dispatch/routing/route_set.rb:52:in `dispatch'
actionpack (5.2.6.3) lib/action_dispatch/routing/route_set.rb:34:in `serve'
actionpack (5.2.6.3) lib/action_dispatch/journey/router.rb:52:in `block in serve'
actionpack (5.2.6.3) lib/action_dispatch/journey/router.rb:35:in `each'
actionpack (5.2.6.3) lib/action_dispatch/journey/router.rb:35:in `serve'
actionpack (5.2.6.3) lib/action_dispatch/routing/route_set.rb:840:in `call'
rack (2.2.3) lib/rack/tempfile_reaper.rb:15:in `call'
rack (2.2.3) lib/rack/etag.rb:27:in `call'
rack (2.2.3) lib/rack/conditional_get.rb:40:in `call'
rack (2.2.3) lib/rack/head.rb:12:in `call'
actionpack (5.2.6.3) lib/action_dispatch/http/content_security_policy.rb:18:in `call'
rack (2.2.3) lib/rack/session/abstract/id.rb:266:in `context'
rack (2.2.3) lib/rack/session/abstract/id.rb:260:in `call'
actionpack (5.2.6.3) lib/action_dispatch/middleware/cookies.rb:670:in `call'
activerecord (5.2.6.3) lib/active_record/migration.rb:559:in `call'
actionpack (5.2.6.3) lib/action_dispatch/middleware/callbacks.rb:28:in `block in call'
activesupport (5.2.6.3) lib/active_support/callbacks.rb:98:in `run_callbacks'
actionpack (5.2.6.3) lib/action_dispatch/middleware/callbacks.rb:26:in `call'
actionpack (5.2.6.3) lib/action_dispatch/middleware/executor.rb:14:in `call'
actionpack (5.2.6.3) lib/action_dispatch/middleware/debug_exceptions.rb:61:in `call'
web-console (3.7.0) lib/web_console/middleware.rb:135:in `call_app'
web-console (3.7.0) lib/web_console/middleware.rb:30:in `block in call'
web-console (3.7.0) lib/web_console/middleware.rb:20:in `catch'
web-console (3.7.0) lib/web_console/middleware.rb:20:in `call'
actionpack (5.2.6.3) lib/action_dispatch/middleware/show_exceptions.rb:33:in `call'
railties (5.2.6.3) lib/rails/rack/logger.rb:38:in `call_app'
railties (5.2.6.3) lib/rails/rack/logger.rb:26:in `block in call'
activesupport (5.2.6.3) lib/active_support/tagged_logging.rb:71:in `block in tagged'
activesupport (5.2.6.3) lib/active_support/tagged_logging.rb:28:in `tagged'
activesupport (5.2.6.3) lib/active_support/tagged_logging.rb:71:in `tagged'
railties (5.2.6.3) lib/rails/rack/logger.rb:26:in `call'
sprockets-rails (3.4.2) lib/sprockets/rails/quiet_assets.rb:13:in `call'
actionpack (5.2.6.3) lib/action_dispatch/middleware/remote_ip.rb:81:in `call'
actionpack (5.2.6.3) lib/action_dispatch/middleware/request_id.rb:27:in `call'
rack (2.2.3) lib/rack/method_override.rb:24:in `call'
rack (2.2.3) lib/rack/runtime.rb:22:in `call'
activesupport (5.2.6.3) lib/active_support/cache/strategy/local_cache_middleware.rb:29:in `call'
actionpack (5.2.6.3) lib/action_dispatch/middleware/executor.rb:14:in `call'
actionpack (5.2.6.3) lib/action_dispatch/middleware/static.rb:127:in `call'
rack (2.2.3) lib/rack/sendfile.rb:110:in `call'
railties (5.2.6.3) lib/rails/engine.rb:524:in `call'
puma (3.12.6) lib/puma/configuration.rb:227:in `call'
puma (3.12.6) lib/puma/server.rb:706:in `handle_request'
puma (3.12.6) lib/puma/server.rb:476:in `process_client'
puma (3.12.6) lib/puma/server.rb:334:in `block in run'
puma (3.12.6) lib/puma/thread_pool.rb:135:in `block in spawn_thread'
Started GET "/tasks" for ::1 at 2022-03-15 10:21:55 +0900
Processing by TasksController#index as HTML
  Rendering tasks/index.html.slim within layouts/application
  [1m[36mTask Load (0.1ms)[0m  [1m[34mSELECT "tasks".* FROM "tasks"[0m
  â†³ app/views/tasks/index.html.slim:13
  Rendered tasks/index.html.slim within layouts/application (5.2ms)
Completed 200 OK in 40ms (Views: 36.5ms | ActiveRecord: 0.1ms)


Started GET "/tasks/1" for ::1 at 2022-03-15 10:21:56 +0900
Processing by TasksController#show as HTML
  Parameters: {"id"=>"1"}
  [1m[36mTask Load (0.1ms)[0m  [1m[34mSELECT  "tasks".* FROM "tasks" WHERE "tasks"."id" = ? LIMIT ?[0m  [["id", 1], ["LIMIT", 1]]
  â†³ app/controllers/tasks_controller.rb:7
  Rendering tasks/show.html.slim within layouts/application
  Rendered tasks/show.html.slim within layouts/application (256.6ms)
Completed 500 Internal Server Error in 269ms (ActiveRecord: 0.1ms)


  
ActionView::Template::Error (undefined local variable or method `task' for #<#<Class:0x00007f9e96ceb1e8>:0x00007f9e951fc828>
Did you mean?  @task):
    22:       td= @task.updated_at
    23: 
    24: = link_to 'ç·¨é›†', edit_task_path, class: 'btn btn-primary mr-3'
    25: = link_to 'å‰Šé™¤', task, method: :delete, data: { confirm: "ã‚¿ã‚¹ã‚¯ã€Œ#{task.name}ã€ã‚’å‰Šé™¤ã—ã¾ã™ã€‚ã‚ˆã‚ã—ã„ã§ã™ã‹ï¼Ÿ"}, class: 'btn btn-danger'
  
app/views/tasks/show.html.slim:25:in `_app_views_tasks_show_html_slim__4336939764841159120_70159541727300'
Started GET "/tasks" for ::1 at 2022-03-15 10:22:00 +0900
Processing by TasksController#index as HTML
  Rendering tasks/index.html.slim within layouts/application
  [1m[36mTask Load (0.1ms)[0m  [1m[34mSELECT "tasks".* FROM "tasks"[0m
  â†³ app/views/tasks/index.html.slim:13
  Rendered tasks/index.html.slim within layouts/application (6.6ms)
Completed 200 OK in 47ms (Views: 43.6ms | ActiveRecord: 0.1ms)


Started GET "/tasks" for ::1 at 2022-03-15 10:22:35 +0900
Processing by TasksController#index as HTML
  Rendering tasks/index.html.slim within layouts/application
  [1m[36mTask Load (0.1ms)[0m  [1m[34mSELECT "tasks".* FROM "tasks"[0m
  â†³ app/views/tasks/index.html.slim:13
  Rendered tasks/index.html.slim within layouts/application (5.0ms)
Completed 200 OK in 38ms (Views: 35.7ms | ActiveRecord: 0.1ms)


Started GET "/tasks/1" for ::1 at 2022-03-15 10:22:36 +0900
Processing by TasksController#show as HTML
  Parameters: {"id"=>"1"}
  [1m[36mTask Load (0.1ms)[0m  [1m[34mSELECT  "tasks".* FROM "tasks" WHERE "tasks"."id" = ? LIMIT ?[0m  [["id", 1], ["LIMIT", 1]]
  â†³ app/controllers/tasks_controller.rb:7
  Rendering tasks/show.html.slim within layouts/application
  Rendered tasks/show.html.slim within layouts/application (4.0ms)
Completed 200 OK in 29ms (Views: 25.6ms | ActiveRecord: 0.1ms)


Started GET "/tasks/1" for ::1 at 2022-03-15 10:23:58 +0900
Processing by TasksController#show as HTML
  Parameters: {"id"=>"1"}
  [1m[36mTask Load (0.1ms)[0m  [1m[34mSELECT  "tasks".* FROM "tasks" WHERE "tasks"."id" = ? LIMIT ?[0m  [["id", 1], ["LIMIT", 1]]
  â†³ app/controllers/tasks_controller.rb:7
  Rendering tasks/show.html.slim within layouts/application
  Rendered tasks/show.html.slim within layouts/application (4.3ms)
Completed 200 OK in 44ms (Views: 33.8ms | ActiveRecord: 0.6ms)


Started DELETE "/tasks/1" for ::1 at 2022-03-15 10:24:00 +0900
Processing by TasksController#destroy as HTML
  Parameters: {"authenticity_token"=>"25yUP1fOzXWCqzQHWK8M+iNvxYdz4+ToYzfpi4qPaVzsenG2msydFLIwZm4NifyN9Q0b+zLXh9/kIRHMgqpFSQ==", "id"=>"1"}
  [1m[36mTask Load (0.1ms)[0m  [1m[34mSELECT  "tasks".* FROM "tasks" WHERE "tasks"."id" = ? LIMIT ?[0m  [["id", 1], ["LIMIT", 1]]
  â†³ app/controllers/tasks_controller.rb:31
  [1m[35m (0.1ms)[0m  [1m[36mbegin transaction[0m
  â†³ app/controllers/tasks_controller.rb:32
  [1m[36mTask Destroy (0.6ms)[0m  [1m[31mDELETE FROM "tasks" WHERE "tasks"."id" = ?[0m  [["id", 1]]
  â†³ app/controllers/tasks_controller.rb:32
  [1m[35m (0.9ms)[0m  [1m[36mcommit transaction[0m
  â†³ app/controllers/tasks_controller.rb:32
Redirected to http://localhost:3000/tasks
Completed 302 Found in 3ms (ActiveRecord: 1.7ms)


Started GET "/tasks" for ::1 at 2022-03-15 10:24:00 +0900
Processing by TasksController#index as HTML
  Rendering tasks/index.html.slim within layouts/application
  [1m[36mTask Load (0.2ms)[0m  [1m[34mSELECT "tasks".* FROM "tasks"[0m
  â†³ app/views/tasks/index.html.slim:13
  Rendered tasks/index.html.slim within layouts/application (4.6ms)
Completed 200 OK in 31ms (Views: 27.5ms | ActiveRecord: 0.2ms)


Started DELETE "/tasks/5" for ::1 at 2022-03-15 10:24:08 +0900
Processing by TasksController#destroy as HTML
  Parameters: {"authenticity_token"=>"lqNeOcc95ue/Noo9bU6zHF+hwyf2XdekfoN75FW423ehRbuwCj+2ho+t2FQ4aENricMdW7dptJP5lYOjXZ33Yg==", "id"=>"5"}
  [1m[36mTask Load (0.2ms)[0m  [1m[34mSELECT  "tasks".* FROM "tasks" WHERE "tasks"."id" = ? LIMIT ?[0m  [["id", 5], ["LIMIT", 1]]
  â†³ app/controllers/tasks_controller.rb:31
  [1m[35m (0.1ms)[0m  [1m[36mbegin transaction[0m
  â†³ app/controllers/tasks_controller.rb:32
  [1m[36mTask Destroy (0.4ms)[0m  [1m[31mDELETE FROM "tasks" WHERE "tasks"."id" = ?[0m  [["id", 5]]
  â†³ app/controllers/tasks_controller.rb:32
  [1m[35m (0.7ms)[0m  [1m[36mcommit transaction[0m
  â†³ app/controllers/tasks_controller.rb:32
Redirected to http://localhost:3000/tasks
Completed 302 Found in 5ms (ActiveRecord: 1.3ms)


Started GET "/tasks" for ::1 at 2022-03-15 10:24:08 +0900
Processing by TasksController#index as HTML
  Rendering tasks/index.html.slim within layouts/application
  [1m[36mTask Load (0.1ms)[0m  [1m[34mSELECT "tasks".* FROM "tasks"[0m
  â†³ app/views/tasks/index.html.slim:13
  Rendered tasks/index.html.slim within layouts/application (5.6ms)
Completed 200 OK in 31ms (Views: 28.8ms | ActiveRecord: 0.1ms)


